<?xml version="1.0" encoding="UTF-8"?>
<coverage generated="1517522228225" clover="3.2.0">
  <project timestamp="1517522228226" name="All files">
    <metrics statements="281" coveredstatements="280" conditionals="208" coveredconditionals="205" methods="43" coveredmethods="43" elements="532" coveredelements="528" complexity="0" loc="281" ncloc="281" packages="13" files="21" classes="21">
      <package name="02">
        <metrics statements="8" coveredstatements="8" conditionals="7" coveredconditionals="7" methods="1" coveredmethods="1"/>
        <file name="solution.js" path="/Users/daniellogerstedt/CodeFellows/401/whiteboarding-challenges-401/02/solution.js">
          <metrics statements="8" coveredstatements="8" conditionals="7" coveredconditionals="7" methods="1" coveredmethods="1"/>
          <line num="3" count="1" type="stmt"/>
          <line num="4" count="10" type="cond" truecount="5" falsecount="0"/>
          <line num="5" count="13" type="cond" truecount="2" falsecount="0"/>
          <line num="6" count="2" type="stmt"/>
          <line num="7" count="2" type="stmt"/>
          <line num="8" count="2" type="stmt"/>
          <line num="9" count="2" type="stmt"/>
          <line num="10" count="2" type="stmt"/>
        </file>
      </package>
      <package name="03">
        <metrics statements="11" coveredstatements="11" conditionals="16" coveredconditionals="16" methods="2" coveredmethods="2"/>
        <file name="solution.js" path="/Users/daniellogerstedt/CodeFellows/401/whiteboarding-challenges-401/03/solution.js">
          <metrics statements="11" coveredstatements="11" conditionals="16" coveredconditionals="16" methods="2" coveredmethods="2"/>
          <line num="3" count="1" type="stmt"/>
          <line num="4" count="9" type="cond" truecount="5" falsecount="0"/>
          <line num="5" count="5" type="cond" truecount="2" falsecount="0"/>
          <line num="8" count="1" type="stmt"/>
          <line num="9" count="6" type="cond" truecount="5" falsecount="0"/>
          <line num="10" count="2" type="stmt"/>
          <line num="11" count="2" type="stmt"/>
          <line num="12" count="5" type="stmt"/>
          <line num="13" count="5" type="cond" truecount="4" falsecount="0"/>
          <line num="14" count="2" type="stmt"/>
          <line num="16" count="2" type="stmt"/>
        </file>
      </package>
      <package name="04">
        <metrics statements="7" coveredstatements="7" conditionals="14" coveredconditionals="14" methods="2" coveredmethods="2"/>
        <file name="solution.js" path="/Users/daniellogerstedt/CodeFellows/401/whiteboarding-challenges-401/04/solution.js">
          <metrics statements="7" coveredstatements="7" conditionals="14" coveredconditionals="14" methods="2" coveredmethods="2"/>
          <line num="3" count="1" type="stmt"/>
          <line num="4" count="8" type="cond" truecount="4" falsecount="0"/>
          <line num="5" count="6" type="cond" truecount="4" falsecount="0"/>
          <line num="6" count="4" type="stmt"/>
          <line num="7" count="4" type="stmt"/>
          <line num="8" count="16" type="cond" truecount="4" falsecount="0"/>
          <line num="10" count="4" type="cond" truecount="2" falsecount="0"/>
        </file>
      </package>
      <package name="05">
        <metrics statements="10" coveredstatements="10" conditionals="6" coveredconditionals="6" methods="1" coveredmethods="1"/>
        <file name="solution.js" path="/Users/daniellogerstedt/CodeFellows/401/whiteboarding-challenges-401/05/solution.js">
          <metrics statements="10" coveredstatements="10" conditionals="6" coveredconditionals="6" methods="1" coveredmethods="1"/>
          <line num="3" count="1" type="stmt"/>
          <line num="4" count="6" type="cond" truecount="4" falsecount="0"/>
          <line num="5" count="2" type="stmt"/>
          <line num="6" count="3" type="stmt"/>
          <line num="7" count="2" type="stmt"/>
          <line num="8" count="2" type="stmt"/>
          <line num="9" count="2" type="stmt"/>
          <line num="10" count="3" type="stmt"/>
          <line num="11" count="3" type="cond" truecount="2" falsecount="0"/>
          <line num="12" count="1" type="stmt"/>
        </file>
      </package>
      <package name="06.lib">
        <metrics statements="5" coveredstatements="5" conditionals="9" coveredconditionals="9" methods="1" coveredmethods="1"/>
        <file name="solution.js" path="/Users/daniellogerstedt/CodeFellows/401/whiteboarding-challenges-401/06/lib/solution.js">
          <metrics statements="5" coveredstatements="5" conditionals="9" coveredconditionals="9" methods="1" coveredmethods="1"/>
          <line num="3" count="1" type="stmt"/>
          <line num="5" count="1" type="stmt"/>
          <line num="6" count="5" type="cond" truecount="5" falsecount="0"/>
          <line num="7" count="3" type="cond" truecount="4" falsecount="0"/>
          <line num="8" count="5" type="stmt"/>
        </file>
      </package>
      <package name="07.lib">
        <metrics statements="9" coveredstatements="9" conditionals="13" coveredconditionals="13" methods="1" coveredmethods="1"/>
        <file name="solution.js" path="/Users/daniellogerstedt/CodeFellows/401/whiteboarding-challenges-401/07/lib/solution.js">
          <metrics statements="9" coveredstatements="9" conditionals="13" coveredconditionals="13" methods="1" coveredmethods="1"/>
          <line num="3" count="1" type="stmt"/>
          <line num="4" count="5" type="cond" truecount="5" falsecount="0"/>
          <line num="5" count="3" type="cond" truecount="4" falsecount="0"/>
          <line num="6" count="2" type="stmt"/>
          <line num="7" count="2" type="stmt"/>
          <line num="8" count="11" type="cond" truecount="2" falsecount="0"/>
          <line num="9" count="10" type="stmt"/>
          <line num="10" count="10" type="cond" truecount="2" falsecount="0"/>
          <line num="12" count="1" type="stmt"/>
        </file>
      </package>
      <package name="08.lib">
        <metrics statements="64" coveredstatements="64" conditionals="43" coveredconditionals="42" methods="9" coveredmethods="9"/>
        <file name="nd.js" path="/Users/daniellogerstedt/CodeFellows/401/whiteboarding-challenges-401/08/lib/nd.js">
          <metrics statements="4" coveredstatements="4" conditionals="0" coveredconditionals="0" methods="1" coveredmethods="1"/>
          <line num="5" count="19" type="stmt"/>
          <line num="6" count="19" type="stmt"/>
          <line num="7" count="19" type="stmt"/>
          <line num="12" count="3" type="stmt"/>
        </file>
        <file name="sll.js" path="/Users/daniellogerstedt/CodeFellows/401/whiteboarding-challenges-401/08/lib/sll.js">
          <metrics statements="52" coveredstatements="52" conditionals="31" coveredconditionals="31" methods="7" coveredmethods="7"/>
          <line num="3" count="2" type="stmt"/>
          <line num="7" count="7" type="stmt"/>
          <line num="8" count="7" type="stmt"/>
          <line num="9" count="7" type="stmt"/>
          <line num="13" count="11" type="stmt"/>
          <line num="14" count="11" type="stmt"/>
          <line num="15" count="11" type="stmt"/>
          <line num="16" count="11" type="stmt"/>
          <line num="17" count="11" type="stmt"/>
          <line num="22" count="6" type="stmt"/>
          <line num="24" count="6" type="cond" truecount="2" falsecount="0"/>
          <line num="25" count="2" type="stmt"/>
          <line num="26" count="2" type="stmt"/>
          <line num="27" count="2" type="stmt"/>
          <line num="31" count="4" type="stmt"/>
          <line num="32" count="4" type="stmt"/>
          <line num="33" count="4" type="stmt"/>
          <line num="34" count="4" type="stmt"/>
          <line num="38" count="6" type="cond" truecount="2" falsecount="0"/>
          <line num="39" count="4" type="cond" truecount="2" falsecount="0"/>
          <line num="40" count="2" type="stmt"/>
          <line num="41" count="2" type="stmt"/>
          <line num="42" count="2" type="stmt"/>
          <line num="45" count="2" type="stmt"/>
          <line num="46" count="2" type="stmt"/>
          <line num="47" count="6" type="cond" truecount="2" falsecount="0"/>
          <line num="48" count="2" type="stmt"/>
          <line num="49" count="2" type="stmt"/>
          <line num="50" count="2" type="stmt"/>
          <line num="53" count="4" type="stmt"/>
          <line num="54" count="4" type="stmt"/>
          <line num="59" count="2" type="stmt"/>
          <line num="60" count="2" type="stmt"/>
          <line num="61" count="2" type="stmt"/>
          <line num="62" count="6" type="cond" truecount="2" falsecount="0"/>
          <line num="63" count="6" type="cond" truecount="2" falsecount="0"/>
          <line num="64" count="6" type="stmt"/>
          <line num="65" count="6" type="cond" truecount="2" falsecount="0"/>
          <line num="67" count="2" type="stmt"/>
          <line num="72" count="6" type="cond" truecount="4" falsecount="0"/>
          <line num="73" count="3" type="cond" truecount="4" falsecount="0"/>
          <line num="74" count="2" type="stmt"/>
          <line num="75" count="2" type="stmt"/>
          <line num="76" count="2" type="stmt"/>
          <line num="78" count="2" type="stmt"/>
          <line num="83" count="6" type="cond" truecount="5" falsecount="0"/>
          <line num="84" count="4" type="cond" truecount="4" falsecount="0"/>
          <line num="85" count="2" type="stmt"/>
          <line num="86" count="2" type="stmt"/>
          <line num="87" count="3" type="stmt"/>
          <line num="89" count="2" type="stmt"/>
          <line num="94" count="2" type="stmt"/>
        </file>
        <file name="solution.js" path="/Users/daniellogerstedt/CodeFellows/401/whiteboarding-challenges-401/08/lib/solution.js">
          <metrics statements="8" coveredstatements="8" conditionals="12" coveredconditionals="11" methods="1" coveredmethods="1"/>
          <line num="3" count="1" type="stmt"/>
          <line num="5" count="1" type="stmt"/>
          <line num="6" count="4" type="cond" truecount="4" falsecount="0"/>
          <line num="7" count="3" type="cond" truecount="4" falsecount="0"/>
          <line num="8" count="2" type="stmt"/>
          <line num="9" count="6" type="cond" truecount="1" falsecount="1"/>
          <line num="10" count="3" type="cond" truecount="2" falsecount="0"/>
          <line num="11" count="2" type="stmt"/>
        </file>
      </package>
      <package name="09.lib">
        <metrics statements="64" coveredstatements="64" conditionals="44" coveredconditionals="44" methods="9" coveredmethods="9"/>
        <file name="nd.js" path="/Users/daniellogerstedt/CodeFellows/401/whiteboarding-challenges-401/09/lib/nd.js">
          <metrics statements="4" coveredstatements="4" conditionals="0" coveredconditionals="0" methods="1" coveredmethods="1"/>
          <line num="5" count="18" type="stmt"/>
          <line num="6" count="18" type="stmt"/>
          <line num="7" count="18" type="stmt"/>
          <line num="12" count="3" type="stmt"/>
        </file>
        <file name="sll.js" path="/Users/daniellogerstedt/CodeFellows/401/whiteboarding-challenges-401/09/lib/sll.js">
          <metrics statements="52" coveredstatements="52" conditionals="31" coveredconditionals="31" methods="7" coveredmethods="7"/>
          <line num="3" count="2" type="stmt"/>
          <line num="7" count="4" type="stmt"/>
          <line num="8" count="4" type="stmt"/>
          <line num="9" count="4" type="stmt"/>
          <line num="13" count="10" type="stmt"/>
          <line num="14" count="10" type="stmt"/>
          <line num="15" count="10" type="stmt"/>
          <line num="16" count="10" type="stmt"/>
          <line num="17" count="10" type="stmt"/>
          <line num="22" count="6" type="stmt"/>
          <line num="24" count="6" type="cond" truecount="2" falsecount="0"/>
          <line num="25" count="2" type="stmt"/>
          <line num="26" count="2" type="stmt"/>
          <line num="27" count="2" type="stmt"/>
          <line num="31" count="4" type="stmt"/>
          <line num="32" count="4" type="stmt"/>
          <line num="33" count="4" type="stmt"/>
          <line num="34" count="4" type="stmt"/>
          <line num="38" count="6" type="cond" truecount="2" falsecount="0"/>
          <line num="39" count="4" type="cond" truecount="2" falsecount="0"/>
          <line num="40" count="2" type="stmt"/>
          <line num="41" count="2" type="stmt"/>
          <line num="42" count="2" type="stmt"/>
          <line num="45" count="2" type="stmt"/>
          <line num="46" count="2" type="stmt"/>
          <line num="47" count="6" type="cond" truecount="2" falsecount="0"/>
          <line num="48" count="2" type="stmt"/>
          <line num="49" count="2" type="stmt"/>
          <line num="50" count="2" type="stmt"/>
          <line num="53" count="4" type="stmt"/>
          <line num="54" count="4" type="stmt"/>
          <line num="59" count="2" type="stmt"/>
          <line num="60" count="2" type="stmt"/>
          <line num="61" count="2" type="stmt"/>
          <line num="62" count="6" type="cond" truecount="2" falsecount="0"/>
          <line num="63" count="6" type="cond" truecount="2" falsecount="0"/>
          <line num="64" count="6" type="stmt"/>
          <line num="65" count="6" type="cond" truecount="2" falsecount="0"/>
          <line num="67" count="2" type="stmt"/>
          <line num="72" count="6" type="cond" truecount="4" falsecount="0"/>
          <line num="73" count="3" type="cond" truecount="4" falsecount="0"/>
          <line num="74" count="2" type="stmt"/>
          <line num="75" count="2" type="stmt"/>
          <line num="76" count="2" type="stmt"/>
          <line num="78" count="2" type="stmt"/>
          <line num="83" count="6" type="cond" truecount="5" falsecount="0"/>
          <line num="84" count="4" type="cond" truecount="4" falsecount="0"/>
          <line num="85" count="2" type="stmt"/>
          <line num="86" count="2" type="stmt"/>
          <line num="87" count="3" type="stmt"/>
          <line num="89" count="2" type="stmt"/>
          <line num="94" count="2" type="stmt"/>
        </file>
        <file name="solution.js" path="/Users/daniellogerstedt/CodeFellows/401/whiteboarding-challenges-401/09/lib/solution.js">
          <metrics statements="8" coveredstatements="8" conditionals="13" coveredconditionals="13" methods="1" coveredmethods="1"/>
          <line num="3" count="1" type="stmt"/>
          <line num="4" count="6" type="cond" truecount="5" falsecount="0"/>
          <line num="5" count="5" type="cond" truecount="4" falsecount="0"/>
          <line num="6" count="4" type="stmt"/>
          <line num="7" count="8" type="stmt"/>
          <line num="8" count="4" type="cond" truecount="4" falsecount="0"/>
          <line num="9" count="3" type="stmt"/>
          <line num="10" count="2" type="stmt"/>
        </file>
      </package>
      <package name="10.binary-search.lib">
        <metrics statements="11" coveredstatements="10" conditionals="18" coveredconditionals="18" methods="1" coveredmethods="1"/>
        <file name="solution.js" path="/Users/daniellogerstedt/CodeFellows/401/whiteboarding-challenges-401/10/binary-search/lib/solution.js">
          <metrics statements="11" coveredstatements="10" conditionals="18" coveredconditionals="18" methods="1" coveredmethods="1"/>
          <line num="4" count="1" type="stmt"/>
          <line num="5" count="5" type="cond" truecount="4" falsecount="0"/>
          <line num="6" count="4" type="cond" truecount="4" falsecount="0"/>
          <line num="7" count="3" type="cond" truecount="4" falsecount="0"/>
          <line num="10" count="2" type="stmt"/>
          <line num="12" count="2" type="stmt"/>
          <line num="13" count="4" type="cond" truecount="2" falsecount="0"/>
          <line num="14" count="4" type="cond" truecount="2" falsecount="0"/>
          <line num="15" count="4" type="cond" truecount="2" falsecount="0"/>
          <line num="16" count="2" type="stmt"/>
          <line num="18" count="0" type="stmt"/>
        </file>
      </package>
      <package name="10.stack-verification.lib">
        <metrics statements="34" coveredstatements="34" conditionals="15" coveredconditionals="14" methods="6" coveredmethods="6"/>
        <file name="nd.js" path="/Users/daniellogerstedt/CodeFellows/401/whiteboarding-challenges-401/10/stack-verification/lib/nd.js">
          <metrics statements="4" coveredstatements="4" conditionals="2" coveredconditionals="1" methods="1" coveredmethods="1"/>
          <line num="3" count="2" type="stmt"/>
          <line num="5" count="1094" type="cond" truecount="1" falsecount="1"/>
          <line num="6" count="1094" type="stmt"/>
          <line num="7" count="1094" type="stmt"/>
        </file>
        <file name="solution.js" path="/Users/daniellogerstedt/CodeFellows/401/whiteboarding-challenges-401/10/stack-verification/lib/solution.js">
          <metrics statements="13" coveredstatements="13" conditionals="10" coveredconditionals="10" methods="1" coveredmethods="1"/>
          <line num="3" count="1" type="stmt"/>
          <line num="5" count="1" type="stmt"/>
          <line num="6" count="5" type="cond" truecount="4" falsecount="0"/>
          <line num="7" count="3" type="stmt"/>
          <line num="8" count="3" type="stmt"/>
          <line num="9" count="125" type="cond" truecount="2" falsecount="0"/>
          <line num="12" count="28" type="stmt"/>
          <line num="13" count="28" type="stmt"/>
          <line num="14" count="28" type="stmt"/>
          <line num="16" count="29" type="cond" truecount="2" falsecount="0"/>
          <line num="18" count="1" type="stmt"/>
          <line num="20" count="28" type="stmt"/>
          <line num="24" count="2" type="cond" truecount="2" falsecount="0"/>
        </file>
        <file name="stack.js" path="/Users/daniellogerstedt/CodeFellows/401/whiteboarding-challenges-401/10/stack-verification/lib/stack.js">
          <metrics statements="17" coveredstatements="17" conditionals="3" coveredconditionals="3" methods="4" coveredmethods="4"/>
          <line num="3" count="2" type="stmt"/>
          <line num="5" count="2" type="stmt"/>
          <line num="7" count="12" type="stmt"/>
          <line num="8" count="12" type="stmt"/>
          <line num="9" count="12" type="stmt"/>
          <line num="13" count="1095" type="cond" truecount="2" falsecount="0"/>
          <line num="14" count="1094" type="stmt"/>
          <line num="15" count="1094" type="stmt"/>
          <line num="16" count="1094" type="stmt"/>
          <line num="17" count="1094" type="stmt"/>
          <line num="18" count="1094" type="stmt"/>
          <line num="22" count="29" type="stmt"/>
          <line num="23" count="29" type="stmt"/>
          <line num="24" count="29" type="stmt"/>
          <line num="25" count="29" type="stmt"/>
          <line num="26" count="29" type="stmt"/>
          <line num="30" count="1" type="stmt"/>
        </file>
      </package>
      <package name="11.lib">
        <metrics statements="6" coveredstatements="6" conditionals="6" coveredconditionals="6" methods="1" coveredmethods="1"/>
        <file name="solution.js" path="/Users/daniellogerstedt/CodeFellows/401/whiteboarding-challenges-401/11/lib/solution.js">
          <metrics statements="6" coveredstatements="6" conditionals="6" coveredconditionals="6" methods="1" coveredmethods="1"/>
          <line num="3" count="1" type="stmt"/>
          <line num="4" count="3" type="cond" truecount="2" falsecount="0"/>
          <line num="5" count="2" type="cond" truecount="2" falsecount="0"/>
          <line num="6" count="1" type="stmt"/>
          <line num="7" count="98" type="stmt"/>
          <line num="8" count="45" type="cond" truecount="2" falsecount="0"/>
        </file>
      </package>
      <package name="12.lib">
        <metrics statements="38" coveredstatements="38" conditionals="9" coveredconditionals="8" methods="8" coveredmethods="8"/>
        <file name="nd.js" path="/Users/daniellogerstedt/CodeFellows/401/whiteboarding-challenges-401/12/lib/nd.js">
          <metrics statements="5" coveredstatements="5" conditionals="2" coveredconditionals="1" methods="1" coveredmethods="1"/>
          <line num="3" count="2" type="stmt"/>
          <line num="5" count="1074" type="cond" truecount="1" falsecount="1"/>
          <line num="6" count="1074" type="stmt"/>
          <line num="7" count="1074" type="stmt"/>
          <line num="8" count="1074" type="stmt"/>
        </file>
        <file name="solution.js" path="/Users/daniellogerstedt/CodeFellows/401/whiteboarding-challenges-401/12/lib/solution.js">
          <metrics statements="15" coveredstatements="15" conditionals="4" coveredconditionals="4" methods="3" coveredmethods="3"/>
          <line num="3" count="1" type="stmt"/>
          <line num="5" count="1" type="stmt"/>
          <line num="7" count="1" type="stmt"/>
          <line num="8" count="1" type="stmt"/>
          <line num="9" count="1" type="stmt"/>
          <line num="10" count="1" type="stmt"/>
          <line num="15" count="4" type="stmt"/>
          <line num="16" count="4" type="stmt"/>
          <line num="17" count="4" type="stmt"/>
          <line num="22" count="6" type="cond" truecount="2" falsecount="0"/>
          <line num="23" count="4" type="cond" truecount="2" falsecount="0"/>
          <line num="24" count="2" type="stmt"/>
          <line num="25" count="4" type="stmt"/>
          <line num="27" count="4" type="stmt"/>
          <line num="28" count="4" type="stmt"/>
        </file>
        <file name="stack.js" path="/Users/daniellogerstedt/CodeFellows/401/whiteboarding-challenges-401/12/lib/stack.js">
          <metrics statements="18" coveredstatements="18" conditionals="3" coveredconditionals="3" methods="4" coveredmethods="4"/>
          <line num="3" count="2" type="stmt"/>
          <line num="5" count="2" type="stmt"/>
          <line num="7" count="11" type="stmt"/>
          <line num="8" count="11" type="stmt"/>
          <line num="9" count="11" type="stmt"/>
          <line num="10" count="11" type="stmt"/>
          <line num="14" count="1075" type="cond" truecount="2" falsecount="0"/>
          <line num="15" count="1074" type="stmt"/>
          <line num="17" count="1074" type="stmt"/>
          <line num="18" count="1074" type="stmt"/>
          <line num="19" count="1074" type="stmt"/>
          <line num="20" count="1074" type="stmt"/>
          <line num="24" count="9" type="stmt"/>
          <line num="25" count="9" type="stmt"/>
          <line num="26" count="9" type="stmt"/>
          <line num="27" count="9" type="stmt"/>
          <line num="28" count="9" type="stmt"/>
          <line num="32" count="1" type="stmt"/>
        </file>
      </package>
      <package name="14.lib">
        <metrics statements="14" coveredstatements="14" conditionals="8" coveredconditionals="8" methods="1" coveredmethods="1"/>
        <file name="solution.js" path="/Users/daniellogerstedt/CodeFellows/401/whiteboarding-challenges-401/14/lib/solution.js">
          <metrics statements="14" coveredstatements="14" conditionals="8" coveredconditionals="8" methods="1" coveredmethods="1"/>
          <line num="3" count="1" type="stmt"/>
          <line num="7" count="1" type="stmt"/>
          <line num="8" count="10" type="cond" truecount="2" falsecount="0"/>
          <line num="9" count="8" type="cond" truecount="2" falsecount="0"/>
          <line num="10" count="6" type="cond" truecount="2" falsecount="0"/>
          <line num="11" count="4" type="stmt"/>
          <line num="12" count="4" type="stmt"/>
          <line num="13" count="4" type="stmt"/>
          <line num="14" count="4" type="stmt"/>
          <line num="15" count="11" type="cond" truecount="2" falsecount="0"/>
          <line num="16" count="11" type="stmt"/>
          <line num="18" count="4" type="stmt"/>
          <line num="19" count="14" type="stmt"/>
          <line num="21" count="4" type="stmt"/>
        </file>
      </package>
    </metrics>
  </project>
</coverage>
