{"/Users/daniellogerstedt/CodeFellows/401/whiteboarding-challenges-401/02/solution.js": {"path":"/Users/daniellogerstedt/CodeFellows/401/whiteboarding-challenges-401/02/solution.js","statementMap":{"0":{"start":{"line":3,"column":0},"end":{"line":11,"column":2}},"1":{"start":{"line":4,"column":2},"end":{"line":4,"column":65}},"2":{"start":{"line":4,"column":53},"end":{"line":4,"column":65}},"3":{"start":{"line":5,"column":2},"end":{"line":5,"column":65}},"4":{"start":{"line":5,"column":21},"end":{"line":5,"column":65}},"5":{"start":{"line":5,"column":53},"end":{"line":5,"column":65}},"6":{"start":{"line":6,"column":12},"end":{"line":6,"column":13}},"7":{"start":{"line":6,"column":24},"end":{"line":6,"column":25}},"8":{"start":{"line":7,"column":2},"end":{"line":7,"column":34}},"9":{"start":{"line":8,"column":2},"end":{"line":8,"column":34}},"10":{"start":{"line":9,"column":2},"end":{"line":9,"column":37}},"11":{"start":{"line":10,"column":2},"end":{"line":10,"column":36}}},"fnMap":{"0":{"name":"(anonymous_0)","decl":{"start":{"line":3,"column":18},"end":{"line":3,"column":19}},"loc":{"start":{"line":3,"column":33},"end":{"line":11,"column":1}},"line":3}},"branchMap":{"0":{"loc":{"start":{"line":4,"column":2},"end":{"line":4,"column":65}},"type":"if","locations":[{"start":{"line":4,"column":2},"end":{"line":4,"column":65}},{"start":{"line":4,"column":2},"end":{"line":4,"column":65}}],"line":4},"1":{"loc":{"start":{"line":4,"column":6},"end":{"line":4,"column":51}},"type":"binary-expr","locations":[{"start":{"line":4,"column":6},"end":{"line":4,"column":10}},{"start":{"line":4,"column":14},"end":{"line":4,"column":33}},{"start":{"line":4,"column":37},"end":{"line":4,"column":51}}],"line":4},"2":{"loc":{"start":{"line":5,"column":21},"end":{"line":5,"column":65}},"type":"if","locations":[{"start":{"line":5,"column":21},"end":{"line":5,"column":65}},{"start":{"line":5,"column":21},"end":{"line":5,"column":65}}],"line":5}},"s":{"0":1,"1":10,"2":7,"3":3,"4":13,"5":1,"6":2,"7":2,"8":2,"9":2,"10":2,"11":2},"f":{"0":10},"b":{"0":[7,3],"1":[10,8,5],"2":[1,12]},"_coverageSchema":"332fd63041d2c1bcb487cc26dd0d5f7d97098a6c","hash":"0eab53d76f2ea1313a7e9f6a87844d678a09bdd1"}
,"/Users/daniellogerstedt/CodeFellows/401/whiteboarding-challenges-401/03/solution.js": {"path":"/Users/daniellogerstedt/CodeFellows/401/whiteboarding-challenges-401/03/solution.js","statementMap":{"0":{"start":{"line":3,"column":0},"end":{"line":6,"column":2}},"1":{"start":{"line":4,"column":2},"end":{"line":4,"column":71}},"2":{"start":{"line":4,"column":59},"end":{"line":4,"column":71}},"3":{"start":{"line":5,"column":2},"end":{"line":5,"column":60}},"4":{"start":{"line":8,"column":0},"end":{"line":17,"column":2}},"5":{"start":{"line":9,"column":2},"end":{"line":9,"column":71}},"6":{"start":{"line":9,"column":59},"end":{"line":9,"column":71}},"7":{"start":{"line":10,"column":14},"end":{"line":10,"column":15}},"8":{"start":{"line":10,"column":24},"end":{"line":10,"column":28}},"9":{"start":{"line":11,"column":2},"end":{"line":15,"column":3}},"10":{"start":{"line":12,"column":4},"end":{"line":12,"column":23}},"11":{"start":{"line":13,"column":4},"end":{"line":14,"column":22}},"12":{"start":{"line":13,"column":56},"end":{"line":13,"column":71}},"13":{"start":{"line":14,"column":9},"end":{"line":14,"column":22}},"14":{"start":{"line":16,"column":2},"end":{"line":16,"column":15}}},"fnMap":{"0":{"name":"reCars","decl":{"start":{"line":3,"column":26},"end":{"line":3,"column":32}},"loc":{"start":{"line":3,"column":37},"end":{"line":6,"column":1}},"line":3},"1":{"name":"(anonymous_1)","decl":{"start":{"line":8,"column":15},"end":{"line":8,"column":16}},"loc":{"start":{"line":8,"column":29},"end":{"line":17,"column":1}},"line":8}},"branchMap":{"0":{"loc":{"start":{"line":4,"column":2},"end":{"line":4,"column":71}},"type":"if","locations":[{"start":{"line":4,"column":2},"end":{"line":4,"column":71}},{"start":{"line":4,"column":2},"end":{"line":4,"column":71}}],"line":4},"1":{"loc":{"start":{"line":4,"column":6},"end":{"line":4,"column":57}},"type":"binary-expr","locations":[{"start":{"line":4,"column":6},"end":{"line":4,"column":10}},{"start":{"line":4,"column":14},"end":{"line":4,"column":24}},{"start":{"line":4,"column":28},"end":{"line":4,"column":57}}],"line":4},"2":{"loc":{"start":{"line":5,"column":9},"end":{"line":5,"column":59}},"type":"cond-expr","locations":[{"start":{"line":5,"column":19},"end":{"line":5,"column":47}},{"start":{"line":5,"column":50},"end":{"line":5,"column":59}}],"line":5},"3":{"loc":{"start":{"line":9,"column":2},"end":{"line":9,"column":71}},"type":"if","locations":[{"start":{"line":9,"column":2},"end":{"line":9,"column":71}},{"start":{"line":9,"column":2},"end":{"line":9,"column":71}}],"line":9},"4":{"loc":{"start":{"line":9,"column":6},"end":{"line":9,"column":57}},"type":"binary-expr","locations":[{"start":{"line":9,"column":6},"end":{"line":9,"column":10}},{"start":{"line":9,"column":14},"end":{"line":9,"column":24}},{"start":{"line":9,"column":28},"end":{"line":9,"column":57}}],"line":9},"5":{"loc":{"start":{"line":13,"column":4},"end":{"line":14,"column":22}},"type":"if","locations":[{"start":{"line":13,"column":4},"end":{"line":14,"column":22}},{"start":{"line":13,"column":4},"end":{"line":14,"column":22}}],"line":13},"6":{"loc":{"start":{"line":13,"column":8},"end":{"line":13,"column":54}},"type":"binary-expr","locations":[{"start":{"line":13,"column":8},"end":{"line":13,"column":16}},{"start":{"line":13,"column":20},"end":{"line":13,"column":54}}],"line":13}},"s":{"0":1,"1":9,"2":4,"3":5,"4":1,"5":6,"6":4,"7":2,"8":2,"9":2,"10":5,"11":5,"12":3,"13":2,"14":2},"f":{"0":9,"1":6},"b":{"0":[4,5],"1":[9,8,6],"2":[3,2],"3":[4,2],"4":[6,5,3],"5":[3,2],"6":[5,3]},"_coverageSchema":"332fd63041d2c1bcb487cc26dd0d5f7d97098a6c","hash":"a548bfef6f3a534443f1415b009b1e0983bd4540"}
,"/Users/daniellogerstedt/CodeFellows/401/whiteboarding-challenges-401/04/solution.js": {"path":"/Users/daniellogerstedt/CodeFellows/401/whiteboarding-challenges-401/04/solution.js","statementMap":{"0":{"start":{"line":3,"column":0},"end":{"line":11,"column":2}},"1":{"start":{"line":4,"column":2},"end":{"line":4,"column":30}},"2":{"start":{"line":4,"column":18},"end":{"line":4,"column":30}},"3":{"start":{"line":5,"column":2},"end":{"line":5,"column":60}},"4":{"start":{"line":5,"column":48},"end":{"line":5,"column":60}},"5":{"start":{"line":6,"column":13},"end":{"line":6,"column":15}},"6":{"start":{"line":7,"column":2},"end":{"line":9,"column":5}},"7":{"start":{"line":8,"column":4},"end":{"line":8,"column":58}},"8":{"start":{"line":8,"column":45},"end":{"line":8,"column":58}},"9":{"start":{"line":10,"column":2},"end":{"line":10,"column":42}}},"fnMap":{"0":{"name":"(anonymous_0)","decl":{"start":{"line":3,"column":20},"end":{"line":3,"column":21}},"loc":{"start":{"line":3,"column":37},"end":{"line":11,"column":1}},"line":3},"1":{"name":"(anonymous_1)","decl":{"start":{"line":7,"column":9},"end":{"line":7,"column":10}},"loc":{"start":{"line":7,"column":14},"end":{"line":9,"column":3}},"line":7}},"branchMap":{"0":{"loc":{"start":{"line":4,"column":2},"end":{"line":4,"column":30}},"type":"if","locations":[{"start":{"line":4,"column":2},"end":{"line":4,"column":30}},{"start":{"line":4,"column":2},"end":{"line":4,"column":30}}],"line":4},"1":{"loc":{"start":{"line":4,"column":6},"end":{"line":4,"column":16}},"type":"binary-expr","locations":[{"start":{"line":4,"column":6},"end":{"line":4,"column":9}},{"start":{"line":4,"column":13},"end":{"line":4,"column":16}}],"line":4},"2":{"loc":{"start":{"line":5,"column":2},"end":{"line":5,"column":60}},"type":"if","locations":[{"start":{"line":5,"column":2},"end":{"line":5,"column":60}},{"start":{"line":5,"column":2},"end":{"line":5,"column":60}}],"line":5},"3":{"loc":{"start":{"line":5,"column":6},"end":{"line":5,"column":46}},"type":"binary-expr","locations":[{"start":{"line":5,"column":6},"end":{"line":5,"column":24}},{"start":{"line":5,"column":28},"end":{"line":5,"column":46}}],"line":5},"4":{"loc":{"start":{"line":8,"column":4},"end":{"line":8,"column":58}},"type":"if","locations":[{"start":{"line":8,"column":4},"end":{"line":8,"column":58}},{"start":{"line":8,"column":4},"end":{"line":8,"column":58}}],"line":8},"5":{"loc":{"start":{"line":8,"column":8},"end":{"line":8,"column":43}},"type":"binary-expr","locations":[{"start":{"line":8,"column":8},"end":{"line":8,"column":22}},{"start":{"line":8,"column":26},"end":{"line":8,"column":43}}],"line":8},"6":{"loc":{"start":{"line":10,"column":9},"end":{"line":10,"column":41}},"type":"cond-expr","locations":[{"start":{"line":10,"column":22},"end":{"line":10,"column":26}},{"start":{"line":10,"column":29},"end":{"line":10,"column":41}}],"line":10}},"s":{"0":1,"1":8,"2":2,"3":6,"4":2,"5":4,"6":4,"7":16,"8":4,"9":4},"f":{"0":8,"1":16},"b":{"0":[2,6],"1":[8,7],"2":[2,4],"3":[6,5],"4":[4,12],"5":[16,4],"6":[2,2]},"_coverageSchema":"332fd63041d2c1bcb487cc26dd0d5f7d97098a6c","hash":"a4e4eeaabf3c94841f3f5a968780fbb46958e732"}
,"/Users/daniellogerstedt/CodeFellows/401/whiteboarding-challenges-401/05/solution.js": {"path":"/Users/daniellogerstedt/CodeFellows/401/whiteboarding-challenges-401/05/solution.js","statementMap":{"0":{"start":{"line":3,"column":0},"end":{"line":14,"column":2}},"1":{"start":{"line":4,"column":2},"end":{"line":4,"column":39}},"2":{"start":{"line":4,"column":27},"end":{"line":4,"column":39}},"3":{"start":{"line":5,"column":16},"end":{"line":5,"column":17}},"4":{"start":{"line":5,"column":26},"end":{"line":5,"column":35}},"5":{"start":{"line":6,"column":2},"end":{"line":6,"column":64}},"6":{"start":{"line":6,"column":54},"end":{"line":6,"column":64}},"7":{"start":{"line":7,"column":2},"end":{"line":7,"column":33}},"8":{"start":{"line":8,"column":2},"end":{"line":8,"column":23}},"9":{"start":{"line":9,"column":2},"end":{"line":13,"column":3}},"10":{"start":{"line":10,"column":4},"end":{"line":10,"column":31}},"11":{"start":{"line":11,"column":4},"end":{"line":11,"column":41}},"12":{"start":{"line":11,"column":29},"end":{"line":11,"column":41}},"13":{"start":{"line":12,"column":4},"end":{"line":12,"column":21}}},"fnMap":{"0":{"name":"(anonymous_0)","decl":{"start":{"line":3,"column":18},"end":{"line":3,"column":19}},"loc":{"start":{"line":3,"column":28},"end":{"line":14,"column":1}},"line":3}},"branchMap":{"0":{"loc":{"start":{"line":4,"column":2},"end":{"line":4,"column":39}},"type":"if","locations":[{"start":{"line":4,"column":2},"end":{"line":4,"column":39}},{"start":{"line":4,"column":2},"end":{"line":4,"column":39}}],"line":4},"1":{"loc":{"start":{"line":4,"column":6},"end":{"line":4,"column":25}},"type":"binary-expr","locations":[{"start":{"line":4,"column":6},"end":{"line":4,"column":11}},{"start":{"line":4,"column":15},"end":{"line":4,"column":25}}],"line":4},"2":{"loc":{"start":{"line":11,"column":4},"end":{"line":11,"column":41}},"type":"if","locations":[{"start":{"line":11,"column":4},"end":{"line":11,"column":41}},{"start":{"line":11,"column":4},"end":{"line":11,"column":41}}],"line":11}},"s":{"0":1,"1":6,"2":4,"3":2,"4":2,"5":2,"6":3,"7":2,"8":2,"9":2,"10":3,"11":3,"12":2,"13":1},"f":{"0":6},"b":{"0":[4,2],"1":[6,5],"2":[2,1]},"_coverageSchema":"332fd63041d2c1bcb487cc26dd0d5f7d97098a6c","hash":"f15431bbd3348cc83d9be19d0fafa15633a71458"}
,"/Users/daniellogerstedt/CodeFellows/401/whiteboarding-challenges-401/06/lib/solution.js": {"path":"/Users/daniellogerstedt/CodeFellows/401/whiteboarding-challenges-401/06/lib/solution.js","statementMap":{"0":{"start":{"line":3,"column":10},"end":{"line":3,"column":29}},"1":{"start":{"line":5,"column":0},"end":{"line":9,"column":2}},"2":{"start":{"line":6,"column":2},"end":{"line":6,"column":38}},"3":{"start":{"line":6,"column":26},"end":{"line":6,"column":38}},"4":{"start":{"line":7,"column":2},"end":{"line":7,"column":69}},"5":{"start":{"line":7,"column":57},"end":{"line":7,"column":69}},"6":{"start":{"line":8,"column":2},"end":{"line":8,"column":27}},"7":{"start":{"line":8,"column":22},"end":{"line":8,"column":27}}},"fnMap":{"0":{"name":"(anonymous_0)","decl":{"start":{"line":5,"column":11},"end":{"line":5,"column":12}},"loc":{"start":{"line":5,"column":22},"end":{"line":9,"column":1}},"line":5}},"branchMap":{"0":{"loc":{"start":{"line":6,"column":2},"end":{"line":6,"column":38}},"type":"if","locations":[{"start":{"line":6,"column":2},"end":{"line":6,"column":38}},{"start":{"line":6,"column":2},"end":{"line":6,"column":38}}],"line":6},"1":{"loc":{"start":{"line":6,"column":6},"end":{"line":6,"column":24}},"type":"binary-expr","locations":[{"start":{"line":6,"column":6},"end":{"line":6,"column":11}},{"start":{"line":6,"column":15},"end":{"line":6,"column":17}},{"start":{"line":6,"column":21},"end":{"line":6,"column":24}}],"line":6},"2":{"loc":{"start":{"line":7,"column":2},"end":{"line":7,"column":69}},"type":"if","locations":[{"start":{"line":7,"column":2},"end":{"line":7,"column":69}},{"start":{"line":7,"column":2},"end":{"line":7,"column":69}}],"line":7},"3":{"loc":{"start":{"line":7,"column":6},"end":{"line":7,"column":55}},"type":"binary-expr","locations":[{"start":{"line":7,"column":6},"end":{"line":7,"column":27}},{"start":{"line":7,"column":31},"end":{"line":7,"column":55}}],"line":7}},"s":{"0":1,"1":1,"2":5,"3":2,"4":3,"5":2,"6":1,"7":5},"f":{"0":5},"b":{"0":[2,3],"1":[5,2,5],"2":[2,1],"3":[3,2]},"_coverageSchema":"332fd63041d2c1bcb487cc26dd0d5f7d97098a6c","hash":"6f36e535a88898f48709306d4b706611ab311745"}
,"/Users/daniellogerstedt/CodeFellows/401/whiteboarding-challenges-401/07/lib/solution.js": {"path":"/Users/daniellogerstedt/CodeFellows/401/whiteboarding-challenges-401/07/lib/solution.js","statementMap":{"0":{"start":{"line":3,"column":0},"end":{"line":13,"column":2}},"1":{"start":{"line":4,"column":2},"end":{"line":4,"column":76}},"2":{"start":{"line":4,"column":64},"end":{"line":4,"column":76}},"3":{"start":{"line":5,"column":2},"end":{"line":5,"column":44}},"4":{"start":{"line":5,"column":32},"end":{"line":5,"column":44}},"5":{"start":{"line":6,"column":13},"end":{"line":6,"column":32}},"6":{"start":{"line":7,"column":2},"end":{"line":11,"column":3}},"7":{"start":{"line":8,"column":4},"end":{"line":9,"column":26}},"8":{"start":{"line":8,"column":19},"end":{"line":8,"column":31}},"9":{"start":{"line":9,"column":9},"end":{"line":9,"column":26}},"10":{"start":{"line":10,"column":4},"end":{"line":10,"column":34}},"11":{"start":{"line":12,"column":2},"end":{"line":12,"column":15}}},"fnMap":{"0":{"name":"(anonymous_0)","decl":{"start":{"line":3,"column":17},"end":{"line":3,"column":18}},"loc":{"start":{"line":3,"column":25},"end":{"line":13,"column":1}},"line":3}},"branchMap":{"0":{"loc":{"start":{"line":4,"column":2},"end":{"line":4,"column":76}},"type":"if","locations":[{"start":{"line":4,"column":2},"end":{"line":4,"column":76}},{"start":{"line":4,"column":2},"end":{"line":4,"column":76}}],"line":4},"1":{"loc":{"start":{"line":4,"column":6},"end":{"line":4,"column":62}},"type":"binary-expr","locations":[{"start":{"line":4,"column":6},"end":{"line":4,"column":11}},{"start":{"line":4,"column":15},"end":{"line":4,"column":39}},{"start":{"line":4,"column":43},"end":{"line":4,"column":62}}],"line":4},"2":{"loc":{"start":{"line":5,"column":2},"end":{"line":5,"column":44}},"type":"if","locations":[{"start":{"line":5,"column":2},"end":{"line":5,"column":44}},{"start":{"line":5,"column":2},"end":{"line":5,"column":44}}],"line":5},"3":{"loc":{"start":{"line":5,"column":6},"end":{"line":5,"column":30}},"type":"binary-expr","locations":[{"start":{"line":5,"column":6},"end":{"line":5,"column":16}},{"start":{"line":5,"column":20},"end":{"line":5,"column":30}}],"line":5},"4":{"loc":{"start":{"line":8,"column":4},"end":{"line":9,"column":26}},"type":"if","locations":[{"start":{"line":8,"column":4},"end":{"line":9,"column":26}},{"start":{"line":8,"column":4},"end":{"line":9,"column":26}}],"line":8},"5":{"loc":{"start":{"line":10,"column":11},"end":{"line":10,"column":33}},"type":"binary-expr","locations":[{"start":{"line":10,"column":11},"end":{"line":10,"column":20}},{"start":{"line":10,"column":24},"end":{"line":10,"column":33}}],"line":10}},"s":{"0":1,"1":5,"2":2,"3":3,"4":1,"5":2,"6":2,"7":11,"8":1,"9":10,"10":10,"11":1},"f":{"0":5},"b":{"0":[2,3],"1":[5,4,3],"2":[1,2],"3":[3,1],"4":[1,10],"5":[10,3]},"_coverageSchema":"332fd63041d2c1bcb487cc26dd0d5f7d97098a6c","hash":"cb9c2d792113763dd9171e51d53c455825b8a679"}
,"/Users/daniellogerstedt/CodeFellows/401/whiteboarding-challenges-401/08/lib/nd.js": {"path":"/Users/daniellogerstedt/CodeFellows/401/whiteboarding-challenges-401/08/lib/nd.js","statementMap":{"0":{"start":{"line":5,"column":4},"end":{"line":5,"column":23}},"1":{"start":{"line":6,"column":4},"end":{"line":6,"column":21}},"2":{"start":{"line":7,"column":4},"end":{"line":7,"column":16}},"3":{"start":{"line":12,"column":0},"end":{"line":12,"column":22}}},"fnMap":{"0":{"name":"(anonymous_0)","decl":{"start":{"line":4,"column":2},"end":{"line":4,"column":3}},"loc":{"start":{"line":4,"column":21},"end":{"line":9,"column":3}},"line":4}},"branchMap":{},"s":{"0":19,"1":19,"2":19,"3":3},"f":{"0":19},"b":{},"_coverageSchema":"332fd63041d2c1bcb487cc26dd0d5f7d97098a6c","hash":"a7d21d48a21942ffb803cbe7ff624c84814939cb"}
,"/Users/daniellogerstedt/CodeFellows/401/whiteboarding-challenges-401/08/lib/sll.js": {"path":"/Users/daniellogerstedt/CodeFellows/401/whiteboarding-challenges-401/08/lib/sll.js","statementMap":{"0":{"start":{"line":3,"column":11},"end":{"line":3,"column":26}},"1":{"start":{"line":7,"column":4},"end":{"line":7,"column":21}},"2":{"start":{"line":8,"column":4},"end":{"line":8,"column":18}},"3":{"start":{"line":9,"column":4},"end":{"line":9,"column":16}},"4":{"start":{"line":13,"column":13},"end":{"line":13,"column":24}},"5":{"start":{"line":14,"column":4},"end":{"line":14,"column":24}},"6":{"start":{"line":15,"column":4},"end":{"line":15,"column":19}},"7":{"start":{"line":16,"column":4},"end":{"line":16,"column":16}},"8":{"start":{"line":17,"column":4},"end":{"line":17,"column":16}},"9":{"start":{"line":22,"column":13},"end":{"line":22,"column":24}},"10":{"start":{"line":24,"column":4},"end":{"line":29,"column":5}},"11":{"start":{"line":25,"column":6},"end":{"line":25,"column":21}},"12":{"start":{"line":26,"column":6},"end":{"line":26,"column":18}},"13":{"start":{"line":27,"column":6},"end":{"line":27,"column":18}},"14":{"start":{"line":31,"column":4},"end":{"line":31,"column":56}},"15":{"start":{"line":32,"column":4},"end":{"line":32,"column":18}},"16":{"start":{"line":33,"column":4},"end":{"line":33,"column":16}},"17":{"start":{"line":34,"column":4},"end":{"line":34,"column":16}},"18":{"start":{"line":38,"column":4},"end":{"line":38,"column":26}},"19":{"start":{"line":38,"column":14},"end":{"line":38,"column":26}},"20":{"start":{"line":39,"column":4},"end":{"line":44,"column":5}},"21":{"start":{"line":40,"column":6},"end":{"line":40,"column":33}},"22":{"start":{"line":41,"column":6},"end":{"line":41,"column":18}},"23":{"start":{"line":42,"column":6},"end":{"line":42,"column":18}},"24":{"start":{"line":45,"column":18},"end":{"line":45,"column":27}},"25":{"start":{"line":45,"column":39},"end":{"line":45,"column":43}},"26":{"start":{"line":46,"column":4},"end":{"line":55,"column":5}},"27":{"start":{"line":47,"column":6},"end":{"line":52,"column":7}},"28":{"start":{"line":48,"column":8},"end":{"line":48,"column":36}},"29":{"start":{"line":49,"column":8},"end":{"line":49,"column":20}},"30":{"start":{"line":50,"column":8},"end":{"line":50,"column":20}},"31":{"start":{"line":53,"column":6},"end":{"line":53,"column":24}},"32":{"start":{"line":54,"column":6},"end":{"line":54,"column":29}},"33":{"start":{"line":59,"column":14},"end":{"line":59,"column":23}},"34":{"start":{"line":59,"column":31},"end":{"line":59,"column":35}},"35":{"start":{"line":59,"column":44},"end":{"line":59,"column":48}},"36":{"start":{"line":60,"column":4},"end":{"line":60,"column":21}},"37":{"start":{"line":61,"column":4},"end":{"line":66,"column":5}},"38":{"start":{"line":62,"column":6},"end":{"line":62,"column":46}},"39":{"start":{"line":63,"column":6},"end":{"line":63,"column":44}},"40":{"start":{"line":64,"column":6},"end":{"line":64,"column":16}},"41":{"start":{"line":65,"column":6},"end":{"line":65,"column":41}},"42":{"start":{"line":67,"column":4},"end":{"line":67,"column":16}},"43":{"start":{"line":72,"column":4},"end":{"line":72,"column":49}},"44":{"start":{"line":72,"column":37},"end":{"line":72,"column":49}},"45":{"start":{"line":73,"column":4},"end":{"line":73,"column":44}},"46":{"start":{"line":73,"column":32},"end":{"line":73,"column":44}},"47":{"start":{"line":74,"column":18},"end":{"line":74,"column":27}},"48":{"start":{"line":75,"column":4},"end":{"line":77,"column":5}},"49":{"start":{"line":76,"column":6},"end":{"line":76,"column":29}},"50":{"start":{"line":78,"column":4},"end":{"line":78,"column":19}},"51":{"start":{"line":83,"column":4},"end":{"line":83,"column":60}},"52":{"start":{"line":83,"column":48},"end":{"line":83,"column":60}},"53":{"start":{"line":84,"column":4},"end":{"line":84,"column":44}},"54":{"start":{"line":84,"column":32},"end":{"line":84,"column":44}},"55":{"start":{"line":85,"column":18},"end":{"line":85,"column":27}},"56":{"start":{"line":85,"column":36},"end":{"line":85,"column":49}},"57":{"start":{"line":86,"column":4},"end":{"line":88,"column":5}},"58":{"start":{"line":87,"column":6},"end":{"line":87,"column":29}},"59":{"start":{"line":89,"column":4},"end":{"line":89,"column":19}},"60":{"start":{"line":94,"column":0},"end":{"line":94,"column":21}}},"fnMap":{"0":{"name":"(anonymous_0)","decl":{"start":{"line":6,"column":2},"end":{"line":6,"column":3}},"loc":{"start":{"line":6,"column":16},"end":{"line":11,"column":3}},"line":6},"1":{"name":"(anonymous_1)","decl":{"start":{"line":12,"column":2},"end":{"line":12,"column":3}},"loc":{"start":{"line":12,"column":19},"end":{"line":19,"column":3}},"line":12},"2":{"name":"(anonymous_2)","decl":{"start":{"line":21,"column":2},"end":{"line":21,"column":3}},"loc":{"start":{"line":21,"column":19},"end":{"line":36,"column":3}},"line":21},"3":{"name":"(anonymous_3)","decl":{"start":{"line":37,"column":2},"end":{"line":37,"column":3}},"loc":{"start":{"line":37,"column":15},"end":{"line":56,"column":3}},"line":37},"4":{"name":"(anonymous_4)","decl":{"start":{"line":58,"column":2},"end":{"line":58,"column":3}},"loc":{"start":{"line":58,"column":13},"end":{"line":69,"column":3}},"line":58},"5":{"name":"(anonymous_5)","decl":{"start":{"line":71,"column":2},"end":{"line":71,"column":3}},"loc":{"start":{"line":71,"column":17},"end":{"line":80,"column":3}},"line":71},"6":{"name":"(anonymous_6)","decl":{"start":{"line":82,"column":2},"end":{"line":82,"column":3}},"loc":{"start":{"line":82,"column":25},"end":{"line":91,"column":3}},"line":82}},"branchMap":{"0":{"loc":{"start":{"line":24,"column":4},"end":{"line":29,"column":5}},"type":"if","locations":[{"start":{"line":24,"column":4},"end":{"line":29,"column":5}},{"start":{"line":24,"column":4},"end":{"line":29,"column":5}}],"line":24},"1":{"loc":{"start":{"line":38,"column":4},"end":{"line":38,"column":26}},"type":"if","locations":[{"start":{"line":38,"column":4},"end":{"line":38,"column":26}},{"start":{"line":38,"column":4},"end":{"line":38,"column":26}}],"line":38},"2":{"loc":{"start":{"line":39,"column":4},"end":{"line":44,"column":5}},"type":"if","locations":[{"start":{"line":39,"column":4},"end":{"line":44,"column":5}},{"start":{"line":39,"column":4},"end":{"line":44,"column":5}}],"line":39},"3":{"loc":{"start":{"line":47,"column":6},"end":{"line":52,"column":7}},"type":"if","locations":[{"start":{"line":47,"column":6},"end":{"line":52,"column":7}},{"start":{"line":47,"column":6},"end":{"line":52,"column":7}}],"line":47},"4":{"loc":{"start":{"line":62,"column":6},"end":{"line":62,"column":45}},"type":"cond-expr","locations":[{"start":{"line":62,"column":16},"end":{"line":62,"column":31}},{"start":{"line":62,"column":34},"end":{"line":62,"column":45}}],"line":62},"5":{"loc":{"start":{"line":63,"column":6},"end":{"line":63,"column":43}},"type":"cond-expr","locations":[{"start":{"line":63,"column":11},"end":{"line":63,"column":25}},{"start":{"line":63,"column":28},"end":{"line":63,"column":43}}],"line":63},"6":{"loc":{"start":{"line":65,"column":6},"end":{"line":65,"column":40}},"type":"cond-expr","locations":[{"start":{"line":65,"column":12},"end":{"line":65,"column":22}},{"start":{"line":65,"column":25},"end":{"line":65,"column":40}}],"line":65},"7":{"loc":{"start":{"line":72,"column":4},"end":{"line":72,"column":49}},"type":"if","locations":[{"start":{"line":72,"column":4},"end":{"line":72,"column":49}},{"start":{"line":72,"column":4},"end":{"line":72,"column":49}}],"line":72},"8":{"loc":{"start":{"line":72,"column":8},"end":{"line":72,"column":35}},"type":"binary-expr","locations":[{"start":{"line":72,"column":8},"end":{"line":72,"column":10}},{"start":{"line":72,"column":14},"end":{"line":72,"column":35}}],"line":72},"9":{"loc":{"start":{"line":73,"column":4},"end":{"line":73,"column":44}},"type":"if","locations":[{"start":{"line":73,"column":4},"end":{"line":73,"column":44}},{"start":{"line":73,"column":4},"end":{"line":73,"column":44}}],"line":73},"10":{"loc":{"start":{"line":73,"column":8},"end":{"line":73,"column":30}},"type":"binary-expr","locations":[{"start":{"line":73,"column":8},"end":{"line":73,"column":21}},{"start":{"line":73,"column":25},"end":{"line":73,"column":30}}],"line":73},"11":{"loc":{"start":{"line":83,"column":4},"end":{"line":83,"column":60}},"type":"if","locations":[{"start":{"line":83,"column":4},"end":{"line":83,"column":60}},{"start":{"line":83,"column":4},"end":{"line":83,"column":60}}],"line":83},"12":{"loc":{"start":{"line":83,"column":8},"end":{"line":83,"column":46}},"type":"binary-expr","locations":[{"start":{"line":83,"column":8},"end":{"line":83,"column":15}},{"start":{"line":83,"column":19},"end":{"line":83,"column":21}},{"start":{"line":83,"column":25},"end":{"line":83,"column":46}}],"line":83},"13":{"loc":{"start":{"line":84,"column":4},"end":{"line":84,"column":44}},"type":"if","locations":[{"start":{"line":84,"column":4},"end":{"line":84,"column":44}},{"start":{"line":84,"column":4},"end":{"line":84,"column":44}}],"line":84},"14":{"loc":{"start":{"line":84,"column":8},"end":{"line":84,"column":30}},"type":"binary-expr","locations":[{"start":{"line":84,"column":8},"end":{"line":84,"column":21}},{"start":{"line":84,"column":25},"end":{"line":84,"column":30}}],"line":84}},"s":{"0":2,"1":7,"2":7,"3":7,"4":11,"5":11,"6":11,"7":11,"8":11,"9":6,"10":6,"11":2,"12":2,"13":2,"14":4,"15":4,"16":4,"17":4,"18":6,"19":2,"20":4,"21":2,"22":2,"23":2,"24":2,"25":2,"26":2,"27":6,"28":2,"29":2,"30":2,"31":4,"32":4,"33":2,"34":2,"35":2,"36":2,"37":2,"38":6,"39":6,"40":6,"41":6,"42":2,"43":6,"44":3,"45":3,"46":1,"47":2,"48":2,"49":2,"50":2,"51":6,"52":2,"53":4,"54":2,"55":2,"56":2,"57":2,"58":3,"59":2,"60":2},"f":{"0":7,"1":11,"2":6,"3":6,"4":2,"5":6,"6":6},"b":{"0":[2,4],"1":[2,4],"2":[2,2],"3":[2,4],"4":[4,2],"5":[4,2],"6":[4,2],"7":[3,3],"8":[6,3],"9":[1,2],"10":[3,2],"11":[2,4],"12":[6,5,4],"13":[2,2],"14":[4,3]},"_coverageSchema":"332fd63041d2c1bcb487cc26dd0d5f7d97098a6c","hash":"a396939dc4f1107ca4ec77741f8a5cbe35ba9d44"}
,"/Users/daniellogerstedt/CodeFellows/401/whiteboarding-challenges-401/08/lib/solution.js": {"path":"/Users/daniellogerstedt/CodeFellows/401/whiteboarding-challenges-401/08/lib/solution.js","statementMap":{"0":{"start":{"line":3,"column":12},"end":{"line":3,"column":28}},"1":{"start":{"line":5,"column":0},"end":{"line":12,"column":2}},"2":{"start":{"line":6,"column":2},"end":{"line":6,"column":36}},"3":{"start":{"line":6,"column":24},"end":{"line":6,"column":36}},"4":{"start":{"line":7,"column":2},"end":{"line":7,"column":70}},"5":{"start":{"line":7,"column":58},"end":{"line":7,"column":70}},"6":{"start":{"line":8,"column":15},"end":{"line":8,"column":17}},"7":{"start":{"line":8,"column":29},"end":{"line":8,"column":36}},"8":{"start":{"line":9,"column":2},"end":{"line":9,"column":113}},"9":{"start":{"line":9,"column":50},"end":{"line":9,"column":113}},"10":{"start":{"line":10,"column":2},"end":{"line":10,"column":102}},"11":{"start":{"line":10,"column":50},"end":{"line":10,"column":102}},"12":{"start":{"line":10,"column":72},"end":{"line":10,"column":102}},"13":{"start":{"line":11,"column":2},"end":{"line":11,"column":17}}},"fnMap":{"0":{"name":"(anonymous_0)","decl":{"start":{"line":5,"column":17},"end":{"line":5,"column":18}},"loc":{"start":{"line":5,"column":35},"end":{"line":12,"column":1}},"line":5}},"branchMap":{"0":{"loc":{"start":{"line":6,"column":2},"end":{"line":6,"column":36}},"type":"if","locations":[{"start":{"line":6,"column":2},"end":{"line":6,"column":36}},{"start":{"line":6,"column":2},"end":{"line":6,"column":36}}],"line":6},"1":{"loc":{"start":{"line":6,"column":6},"end":{"line":6,"column":22}},"type":"binary-expr","locations":[{"start":{"line":6,"column":6},"end":{"line":6,"column":12}},{"start":{"line":6,"column":16},"end":{"line":6,"column":22}}],"line":6},"2":{"loc":{"start":{"line":7,"column":2},"end":{"line":7,"column":70}},"type":"if","locations":[{"start":{"line":7,"column":2},"end":{"line":7,"column":70}},{"start":{"line":7,"column":2},"end":{"line":7,"column":70}}],"line":7},"3":{"loc":{"start":{"line":7,"column":6},"end":{"line":7,"column":56}},"type":"binary-expr","locations":[{"start":{"line":7,"column":6},"end":{"line":7,"column":29}},{"start":{"line":7,"column":33},"end":{"line":7,"column":56}}],"line":7},"4":{"loc":{"start":{"line":9,"column":50},"end":{"line":9,"column":112}},"type":"cond-expr","locations":[{"start":{"line":9,"column":69},"end":{"line":9,"column":88}},{"start":{"line":9,"column":91},"end":{"line":9,"column":112}}],"line":9},"5":{"loc":{"start":{"line":10,"column":50},"end":{"line":10,"column":102}},"type":"if","locations":[{"start":{"line":10,"column":50},"end":{"line":10,"column":102}},{"start":{"line":10,"column":50},"end":{"line":10,"column":102}}],"line":10}},"s":{"0":1,"1":1,"2":4,"3":1,"4":3,"5":1,"6":2,"7":2,"8":2,"9":6,"10":2,"11":3,"12":1,"13":2},"f":{"0":4},"b":{"0":[1,3],"1":[4,3],"2":[1,2],"3":[3,2],"4":[0,6],"5":[1,2]},"_coverageSchema":"332fd63041d2c1bcb487cc26dd0d5f7d97098a6c","hash":"b5686358a879ba830cabee915ed81c9e2ebdd765"}
,"/Users/daniellogerstedt/CodeFellows/401/whiteboarding-challenges-401/09/lib/nd.js": {"path":"/Users/daniellogerstedt/CodeFellows/401/whiteboarding-challenges-401/09/lib/nd.js","statementMap":{"0":{"start":{"line":5,"column":4},"end":{"line":5,"column":23}},"1":{"start":{"line":6,"column":4},"end":{"line":6,"column":21}},"2":{"start":{"line":7,"column":4},"end":{"line":7,"column":16}},"3":{"start":{"line":12,"column":0},"end":{"line":12,"column":22}}},"fnMap":{"0":{"name":"(anonymous_0)","decl":{"start":{"line":4,"column":2},"end":{"line":4,"column":3}},"loc":{"start":{"line":4,"column":21},"end":{"line":9,"column":3}},"line":4}},"branchMap":{},"s":{"0":18,"1":18,"2":18,"3":3},"f":{"0":18},"b":{},"_coverageSchema":"332fd63041d2c1bcb487cc26dd0d5f7d97098a6c","hash":"4b871fb7e2edcac2b56df98b07986b408ebfdd9c"}
,"/Users/daniellogerstedt/CodeFellows/401/whiteboarding-challenges-401/09/lib/sll.js": {"path":"/Users/daniellogerstedt/CodeFellows/401/whiteboarding-challenges-401/09/lib/sll.js","statementMap":{"0":{"start":{"line":3,"column":11},"end":{"line":3,"column":26}},"1":{"start":{"line":7,"column":4},"end":{"line":7,"column":21}},"2":{"start":{"line":8,"column":4},"end":{"line":8,"column":18}},"3":{"start":{"line":9,"column":4},"end":{"line":9,"column":16}},"4":{"start":{"line":13,"column":13},"end":{"line":13,"column":24}},"5":{"start":{"line":14,"column":4},"end":{"line":14,"column":24}},"6":{"start":{"line":15,"column":4},"end":{"line":15,"column":19}},"7":{"start":{"line":16,"column":4},"end":{"line":16,"column":16}},"8":{"start":{"line":17,"column":4},"end":{"line":17,"column":16}},"9":{"start":{"line":22,"column":13},"end":{"line":22,"column":24}},"10":{"start":{"line":24,"column":4},"end":{"line":29,"column":5}},"11":{"start":{"line":25,"column":6},"end":{"line":25,"column":21}},"12":{"start":{"line":26,"column":6},"end":{"line":26,"column":18}},"13":{"start":{"line":27,"column":6},"end":{"line":27,"column":18}},"14":{"start":{"line":31,"column":4},"end":{"line":31,"column":56}},"15":{"start":{"line":32,"column":4},"end":{"line":32,"column":18}},"16":{"start":{"line":33,"column":4},"end":{"line":33,"column":16}},"17":{"start":{"line":34,"column":4},"end":{"line":34,"column":16}},"18":{"start":{"line":38,"column":4},"end":{"line":38,"column":26}},"19":{"start":{"line":38,"column":14},"end":{"line":38,"column":26}},"20":{"start":{"line":39,"column":4},"end":{"line":44,"column":5}},"21":{"start":{"line":40,"column":6},"end":{"line":40,"column":33}},"22":{"start":{"line":41,"column":6},"end":{"line":41,"column":18}},"23":{"start":{"line":42,"column":6},"end":{"line":42,"column":18}},"24":{"start":{"line":45,"column":18},"end":{"line":45,"column":27}},"25":{"start":{"line":45,"column":39},"end":{"line":45,"column":43}},"26":{"start":{"line":46,"column":4},"end":{"line":55,"column":5}},"27":{"start":{"line":47,"column":6},"end":{"line":52,"column":7}},"28":{"start":{"line":48,"column":8},"end":{"line":48,"column":36}},"29":{"start":{"line":49,"column":8},"end":{"line":49,"column":20}},"30":{"start":{"line":50,"column":8},"end":{"line":50,"column":20}},"31":{"start":{"line":53,"column":6},"end":{"line":53,"column":24}},"32":{"start":{"line":54,"column":6},"end":{"line":54,"column":29}},"33":{"start":{"line":59,"column":14},"end":{"line":59,"column":23}},"34":{"start":{"line":59,"column":31},"end":{"line":59,"column":35}},"35":{"start":{"line":59,"column":44},"end":{"line":59,"column":48}},"36":{"start":{"line":60,"column":4},"end":{"line":60,"column":21}},"37":{"start":{"line":61,"column":4},"end":{"line":66,"column":5}},"38":{"start":{"line":62,"column":6},"end":{"line":62,"column":46}},"39":{"start":{"line":63,"column":6},"end":{"line":63,"column":44}},"40":{"start":{"line":64,"column":6},"end":{"line":64,"column":16}},"41":{"start":{"line":65,"column":6},"end":{"line":65,"column":41}},"42":{"start":{"line":67,"column":4},"end":{"line":67,"column":16}},"43":{"start":{"line":72,"column":4},"end":{"line":72,"column":49}},"44":{"start":{"line":72,"column":37},"end":{"line":72,"column":49}},"45":{"start":{"line":73,"column":4},"end":{"line":73,"column":44}},"46":{"start":{"line":73,"column":32},"end":{"line":73,"column":44}},"47":{"start":{"line":74,"column":18},"end":{"line":74,"column":27}},"48":{"start":{"line":75,"column":4},"end":{"line":77,"column":5}},"49":{"start":{"line":76,"column":6},"end":{"line":76,"column":29}},"50":{"start":{"line":78,"column":4},"end":{"line":78,"column":19}},"51":{"start":{"line":83,"column":4},"end":{"line":83,"column":60}},"52":{"start":{"line":83,"column":48},"end":{"line":83,"column":60}},"53":{"start":{"line":84,"column":4},"end":{"line":84,"column":44}},"54":{"start":{"line":84,"column":32},"end":{"line":84,"column":44}},"55":{"start":{"line":85,"column":18},"end":{"line":85,"column":27}},"56":{"start":{"line":85,"column":36},"end":{"line":85,"column":49}},"57":{"start":{"line":86,"column":4},"end":{"line":88,"column":5}},"58":{"start":{"line":87,"column":6},"end":{"line":87,"column":29}},"59":{"start":{"line":89,"column":4},"end":{"line":89,"column":19}},"60":{"start":{"line":94,"column":0},"end":{"line":94,"column":21}}},"fnMap":{"0":{"name":"(anonymous_0)","decl":{"start":{"line":6,"column":2},"end":{"line":6,"column":3}},"loc":{"start":{"line":6,"column":16},"end":{"line":11,"column":3}},"line":6},"1":{"name":"(anonymous_1)","decl":{"start":{"line":12,"column":2},"end":{"line":12,"column":3}},"loc":{"start":{"line":12,"column":19},"end":{"line":19,"column":3}},"line":12},"2":{"name":"(anonymous_2)","decl":{"start":{"line":21,"column":2},"end":{"line":21,"column":3}},"loc":{"start":{"line":21,"column":19},"end":{"line":36,"column":3}},"line":21},"3":{"name":"(anonymous_3)","decl":{"start":{"line":37,"column":2},"end":{"line":37,"column":3}},"loc":{"start":{"line":37,"column":15},"end":{"line":56,"column":3}},"line":37},"4":{"name":"(anonymous_4)","decl":{"start":{"line":58,"column":2},"end":{"line":58,"column":3}},"loc":{"start":{"line":58,"column":13},"end":{"line":69,"column":3}},"line":58},"5":{"name":"(anonymous_5)","decl":{"start":{"line":71,"column":2},"end":{"line":71,"column":3}},"loc":{"start":{"line":71,"column":17},"end":{"line":80,"column":3}},"line":71},"6":{"name":"(anonymous_6)","decl":{"start":{"line":82,"column":2},"end":{"line":82,"column":3}},"loc":{"start":{"line":82,"column":25},"end":{"line":91,"column":3}},"line":82}},"branchMap":{"0":{"loc":{"start":{"line":24,"column":4},"end":{"line":29,"column":5}},"type":"if","locations":[{"start":{"line":24,"column":4},"end":{"line":29,"column":5}},{"start":{"line":24,"column":4},"end":{"line":29,"column":5}}],"line":24},"1":{"loc":{"start":{"line":38,"column":4},"end":{"line":38,"column":26}},"type":"if","locations":[{"start":{"line":38,"column":4},"end":{"line":38,"column":26}},{"start":{"line":38,"column":4},"end":{"line":38,"column":26}}],"line":38},"2":{"loc":{"start":{"line":39,"column":4},"end":{"line":44,"column":5}},"type":"if","locations":[{"start":{"line":39,"column":4},"end":{"line":44,"column":5}},{"start":{"line":39,"column":4},"end":{"line":44,"column":5}}],"line":39},"3":{"loc":{"start":{"line":47,"column":6},"end":{"line":52,"column":7}},"type":"if","locations":[{"start":{"line":47,"column":6},"end":{"line":52,"column":7}},{"start":{"line":47,"column":6},"end":{"line":52,"column":7}}],"line":47},"4":{"loc":{"start":{"line":62,"column":6},"end":{"line":62,"column":45}},"type":"cond-expr","locations":[{"start":{"line":62,"column":16},"end":{"line":62,"column":31}},{"start":{"line":62,"column":34},"end":{"line":62,"column":45}}],"line":62},"5":{"loc":{"start":{"line":63,"column":6},"end":{"line":63,"column":43}},"type":"cond-expr","locations":[{"start":{"line":63,"column":11},"end":{"line":63,"column":25}},{"start":{"line":63,"column":28},"end":{"line":63,"column":43}}],"line":63},"6":{"loc":{"start":{"line":65,"column":6},"end":{"line":65,"column":40}},"type":"cond-expr","locations":[{"start":{"line":65,"column":12},"end":{"line":65,"column":22}},{"start":{"line":65,"column":25},"end":{"line":65,"column":40}}],"line":65},"7":{"loc":{"start":{"line":72,"column":4},"end":{"line":72,"column":49}},"type":"if","locations":[{"start":{"line":72,"column":4},"end":{"line":72,"column":49}},{"start":{"line":72,"column":4},"end":{"line":72,"column":49}}],"line":72},"8":{"loc":{"start":{"line":72,"column":8},"end":{"line":72,"column":35}},"type":"binary-expr","locations":[{"start":{"line":72,"column":8},"end":{"line":72,"column":10}},{"start":{"line":72,"column":14},"end":{"line":72,"column":35}}],"line":72},"9":{"loc":{"start":{"line":73,"column":4},"end":{"line":73,"column":44}},"type":"if","locations":[{"start":{"line":73,"column":4},"end":{"line":73,"column":44}},{"start":{"line":73,"column":4},"end":{"line":73,"column":44}}],"line":73},"10":{"loc":{"start":{"line":73,"column":8},"end":{"line":73,"column":30}},"type":"binary-expr","locations":[{"start":{"line":73,"column":8},"end":{"line":73,"column":21}},{"start":{"line":73,"column":25},"end":{"line":73,"column":30}}],"line":73},"11":{"loc":{"start":{"line":83,"column":4},"end":{"line":83,"column":60}},"type":"if","locations":[{"start":{"line":83,"column":4},"end":{"line":83,"column":60}},{"start":{"line":83,"column":4},"end":{"line":83,"column":60}}],"line":83},"12":{"loc":{"start":{"line":83,"column":8},"end":{"line":83,"column":46}},"type":"binary-expr","locations":[{"start":{"line":83,"column":8},"end":{"line":83,"column":15}},{"start":{"line":83,"column":19},"end":{"line":83,"column":21}},{"start":{"line":83,"column":25},"end":{"line":83,"column":46}}],"line":83},"13":{"loc":{"start":{"line":84,"column":4},"end":{"line":84,"column":44}},"type":"if","locations":[{"start":{"line":84,"column":4},"end":{"line":84,"column":44}},{"start":{"line":84,"column":4},"end":{"line":84,"column":44}}],"line":84},"14":{"loc":{"start":{"line":84,"column":8},"end":{"line":84,"column":30}},"type":"binary-expr","locations":[{"start":{"line":84,"column":8},"end":{"line":84,"column":21}},{"start":{"line":84,"column":25},"end":{"line":84,"column":30}}],"line":84}},"s":{"0":2,"1":4,"2":4,"3":4,"4":10,"5":10,"6":10,"7":10,"8":10,"9":6,"10":6,"11":2,"12":2,"13":2,"14":4,"15":4,"16":4,"17":4,"18":6,"19":2,"20":4,"21":2,"22":2,"23":2,"24":2,"25":2,"26":2,"27":6,"28":2,"29":2,"30":2,"31":4,"32":4,"33":2,"34":2,"35":2,"36":2,"37":2,"38":6,"39":6,"40":6,"41":6,"42":2,"43":6,"44":3,"45":3,"46":1,"47":2,"48":2,"49":2,"50":2,"51":6,"52":2,"53":4,"54":2,"55":2,"56":2,"57":2,"58":3,"59":2,"60":2},"f":{"0":4,"1":10,"2":6,"3":6,"4":2,"5":6,"6":6},"b":{"0":[2,4],"1":[2,4],"2":[2,2],"3":[2,4],"4":[4,2],"5":[4,2],"6":[4,2],"7":[3,3],"8":[6,3],"9":[1,2],"10":[3,2],"11":[2,4],"12":[6,5,4],"13":[2,2],"14":[4,3]},"_coverageSchema":"332fd63041d2c1bcb487cc26dd0d5f7d97098a6c","hash":"b0acdebf8841575e6452112ef4de093ee943b352"}
,"/Users/daniellogerstedt/CodeFellows/401/whiteboarding-challenges-401/09/lib/solution.js": {"path":"/Users/daniellogerstedt/CodeFellows/401/whiteboarding-challenges-401/09/lib/solution.js","statementMap":{"0":{"start":{"line":3,"column":0},"end":{"line":11,"column":2}},"1":{"start":{"line":4,"column":2},"end":{"line":4,"column":58}},"2":{"start":{"line":4,"column":46},"end":{"line":4,"column":58}},"3":{"start":{"line":5,"column":2},"end":{"line":5,"column":59}},"4":{"start":{"line":5,"column":47},"end":{"line":5,"column":59}},"5":{"start":{"line":6,"column":14},"end":{"line":6,"column":15}},"6":{"start":{"line":6,"column":26},"end":{"line":6,"column":35}},"7":{"start":{"line":7,"column":2},"end":{"line":7,"column":62}},"8":{"start":{"line":7,"column":54},"end":{"line":7,"column":62}},"9":{"start":{"line":8,"column":2},"end":{"line":8,"column":38}},"10":{"start":{"line":8,"column":26},"end":{"line":8,"column":38}},"11":{"start":{"line":9,"column":2},"end":{"line":9,"column":59}},"12":{"start":{"line":9,"column":38},"end":{"line":9,"column":59}},"13":{"start":{"line":10,"column":2},"end":{"line":10,"column":16}}},"fnMap":{"0":{"name":"(anonymous_0)","decl":{"start":{"line":3,"column":17},"end":{"line":3,"column":18}},"loc":{"start":{"line":3,"column":30},"end":{"line":11,"column":1}},"line":3}},"branchMap":{"0":{"loc":{"start":{"line":4,"column":2},"end":{"line":4,"column":58}},"type":"if","locations":[{"start":{"line":4,"column":2},"end":{"line":4,"column":58}},{"start":{"line":4,"column":2},"end":{"line":4,"column":58}}],"line":4},"1":{"loc":{"start":{"line":4,"column":6},"end":{"line":4,"column":44}},"type":"binary-expr","locations":[{"start":{"line":4,"column":6},"end":{"line":4,"column":13}},{"start":{"line":4,"column":17},"end":{"line":4,"column":19}},{"start":{"line":4,"column":23},"end":{"line":4,"column":44}}],"line":4},"2":{"loc":{"start":{"line":5,"column":2},"end":{"line":5,"column":59}},"type":"if","locations":[{"start":{"line":5,"column":2},"end":{"line":5,"column":59}},{"start":{"line":5,"column":2},"end":{"line":5,"column":59}}],"line":5},"3":{"loc":{"start":{"line":5,"column":6},"end":{"line":5,"column":45}},"type":"binary-expr","locations":[{"start":{"line":5,"column":6},"end":{"line":5,"column":31}},{"start":{"line":5,"column":35},"end":{"line":5,"column":45}}],"line":5},"4":{"loc":{"start":{"line":8,"column":2},"end":{"line":8,"column":38}},"type":"if","locations":[{"start":{"line":8,"column":2},"end":{"line":8,"column":38}},{"start":{"line":8,"column":2},"end":{"line":8,"column":38}}],"line":8},"5":{"loc":{"start":{"line":8,"column":6},"end":{"line":8,"column":24}},"type":"binary-expr","locations":[{"start":{"line":8,"column":6},"end":{"line":8,"column":15}},{"start":{"line":8,"column":19},"end":{"line":8,"column":24}}],"line":8}},"s":{"0":1,"1":6,"2":1,"3":5,"4":1,"5":4,"6":4,"7":4,"8":8,"9":4,"10":2,"11":2,"12":3,"13":2},"f":{"0":6},"b":{"0":[1,5],"1":[6,5,6],"2":[1,4],"3":[5,4],"4":[2,2],"5":[4,3]},"_coverageSchema":"332fd63041d2c1bcb487cc26dd0d5f7d97098a6c","hash":"572c6f26ab585460b5aef4f2fefeaab599c81341"}
,"/Users/daniellogerstedt/CodeFellows/401/whiteboarding-challenges-401/10/binary-search/lib/solution.js": {"path":"/Users/daniellogerstedt/CodeFellows/401/whiteboarding-challenges-401/10/binary-search/lib/solution.js","statementMap":{"0":{"start":{"line":4,"column":0},"end":{"line":19,"column":2}},"1":{"start":{"line":5,"column":2},"end":{"line":5,"column":32}},"2":{"start":{"line":5,"column":20},"end":{"line":5,"column":32}},"3":{"start":{"line":6,"column":2},"end":{"line":6,"column":66}},"4":{"start":{"line":6,"column":54},"end":{"line":6,"column":66}},"5":{"start":{"line":7,"column":2},"end":{"line":7,"column":61}},"6":{"start":{"line":7,"column":49},"end":{"line":7,"column":61}},"7":{"start":{"line":10,"column":12},"end":{"line":10,"column":44}},"8":{"start":{"line":10,"column":53},"end":{"line":10,"column":79}},"9":{"start":{"line":12,"column":2},"end":{"line":17,"column":3}},"10":{"start":{"line":13,"column":4},"end":{"line":13,"column":41}},"11":{"start":{"line":13,"column":24},"end":{"line":13,"column":41}},"12":{"start":{"line":14,"column":4},"end":{"line":14,"column":41}},"13":{"start":{"line":14,"column":24},"end":{"line":14,"column":41}},"14":{"start":{"line":15,"column":4},"end":{"line":15,"column":60}},"15":{"start":{"line":15,"column":26},"end":{"line":15,"column":60}},"16":{"start":{"line":16,"column":4},"end":{"line":16,"column":31}},"17":{"start":{"line":18,"column":2},"end":{"line":18,"column":14}}},"fnMap":{"0":{"name":"(anonymous_0)","decl":{"start":{"line":4,"column":17},"end":{"line":4,"column":18}},"loc":{"start":{"line":4,"column":31},"end":{"line":19,"column":1}},"line":4}},"branchMap":{"0":{"loc":{"start":{"line":5,"column":2},"end":{"line":5,"column":32}},"type":"if","locations":[{"start":{"line":5,"column":2},"end":{"line":5,"column":32}},{"start":{"line":5,"column":2},"end":{"line":5,"column":32}}],"line":5},"1":{"loc":{"start":{"line":5,"column":6},"end":{"line":5,"column":18}},"type":"binary-expr","locations":[{"start":{"line":5,"column":6},"end":{"line":5,"column":10}},{"start":{"line":5,"column":14},"end":{"line":5,"column":18}}],"line":5},"2":{"loc":{"start":{"line":6,"column":2},"end":{"line":6,"column":66}},"type":"if","locations":[{"start":{"line":6,"column":2},"end":{"line":6,"column":66}},{"start":{"line":6,"column":2},"end":{"line":6,"column":66}}],"line":6},"3":{"loc":{"start":{"line":6,"column":6},"end":{"line":6,"column":52}},"type":"binary-expr","locations":[{"start":{"line":6,"column":6},"end":{"line":6,"column":25}},{"start":{"line":6,"column":29},"end":{"line":6,"column":52}}],"line":6},"4":{"loc":{"start":{"line":7,"column":2},"end":{"line":7,"column":61}},"type":"if","locations":[{"start":{"line":7,"column":2},"end":{"line":7,"column":61}},{"start":{"line":7,"column":2},"end":{"line":7,"column":61}}],"line":7},"5":{"loc":{"start":{"line":7,"column":6},"end":{"line":7,"column":47}},"type":"binary-expr","locations":[{"start":{"line":7,"column":6},"end":{"line":7,"column":18}},{"start":{"line":7,"column":22},"end":{"line":7,"column":47}}],"line":7},"6":{"loc":{"start":{"line":13,"column":4},"end":{"line":13,"column":41}},"type":"if","locations":[{"start":{"line":13,"column":4},"end":{"line":13,"column":41}},{"start":{"line":13,"column":4},"end":{"line":13,"column":41}}],"line":13},"7":{"loc":{"start":{"line":14,"column":4},"end":{"line":14,"column":41}},"type":"if","locations":[{"start":{"line":14,"column":4},"end":{"line":14,"column":41}},{"start":{"line":14,"column":4},"end":{"line":14,"column":41}}],"line":14},"8":{"loc":{"start":{"line":15,"column":4},"end":{"line":15,"column":60}},"type":"if","locations":[{"start":{"line":15,"column":4},"end":{"line":15,"column":60}},{"start":{"line":15,"column":4},"end":{"line":15,"column":60}}],"line":15}},"s":{"0":1,"1":5,"2":1,"3":4,"4":1,"5":3,"6":1,"7":2,"8":2,"9":2,"10":4,"11":2,"12":4,"13":2,"14":4,"15":2,"16":2,"17":0},"f":{"0":5},"b":{"0":[1,4],"1":[5,4],"2":[1,3],"3":[4,3],"4":[1,2],"5":[3,3],"6":[2,2],"7":[2,2],"8":[2,2]},"_coverageSchema":"332fd63041d2c1bcb487cc26dd0d5f7d97098a6c","hash":"b65e728caff8f67691a8c77722ac2d1c5402726b"}
,"/Users/daniellogerstedt/CodeFellows/401/whiteboarding-challenges-401/10/stack-verification/lib/nd.js": {"path":"/Users/daniellogerstedt/CodeFellows/401/whiteboarding-challenges-401/10/stack-verification/lib/nd.js","statementMap":{"0":{"start":{"line":3,"column":0},"end":{"line":9,"column":2}},"1":{"start":{"line":5,"column":4},"end":{"line":5,"column":26}},"2":{"start":{"line":5,"column":14},"end":{"line":5,"column":26}},"3":{"start":{"line":6,"column":4},"end":{"line":6,"column":19}},"4":{"start":{"line":7,"column":4},"end":{"line":7,"column":21}}},"fnMap":{"0":{"name":"(anonymous_0)","decl":{"start":{"line":4,"column":2},"end":{"line":4,"column":3}},"loc":{"start":{"line":4,"column":20},"end":{"line":8,"column":3}},"line":4}},"branchMap":{"0":{"loc":{"start":{"line":5,"column":4},"end":{"line":5,"column":26}},"type":"if","locations":[{"start":{"line":5,"column":4},"end":{"line":5,"column":26}},{"start":{"line":5,"column":4},"end":{"line":5,"column":26}}],"line":5}},"s":{"0":2,"1":1094,"2":0,"3":1094,"4":1094},"f":{"0":1094},"b":{"0":[0,1094]},"_coverageSchema":"332fd63041d2c1bcb487cc26dd0d5f7d97098a6c","hash":"3d0ca867304d7fe243fd2e0429657bba604fa3a6"}
,"/Users/daniellogerstedt/CodeFellows/401/whiteboarding-challenges-401/10/stack-verification/lib/solution.js": {"path":"/Users/daniellogerstedt/CodeFellows/401/whiteboarding-challenges-401/10/stack-verification/lib/solution.js","statementMap":{"0":{"start":{"line":3,"column":12},"end":{"line":3,"column":30}},"1":{"start":{"line":5,"column":0},"end":{"line":25,"column":2}},"2":{"start":{"line":6,"column":2},"end":{"line":6,"column":51}},"3":{"start":{"line":6,"column":39},"end":{"line":6,"column":51}},"4":{"start":{"line":7,"column":14},"end":{"line":7,"column":25}},"5":{"start":{"line":7,"column":34},"end":{"line":7,"column":39}},"6":{"start":{"line":8,"column":2},"end":{"line":23,"column":3}},"7":{"start":{"line":9,"column":4},"end":{"line":22,"column":5}},"8":{"start":{"line":12,"column":6},"end":{"line":12,"column":23}},"9":{"start":{"line":13,"column":6},"end":{"line":13,"column":18}},"10":{"start":{"line":14,"column":6},"end":{"line":14,"column":12}},"11":{"start":{"line":16,"column":6},"end":{"line":21,"column":7}},"12":{"start":{"line":18,"column":8},"end":{"line":18,"column":21}},"13":{"start":{"line":20,"column":8},"end":{"line":20,"column":20}},"14":{"start":{"line":24,"column":2},"end":{"line":24,"column":36}}},"fnMap":{"0":{"name":"(anonymous_0)","decl":{"start":{"line":5,"column":17},"end":{"line":5,"column":18}},"loc":{"start":{"line":5,"column":24},"end":{"line":25,"column":1}},"line":5}},"branchMap":{"0":{"loc":{"start":{"line":6,"column":2},"end":{"line":6,"column":51}},"type":"if","locations":[{"start":{"line":6,"column":2},"end":{"line":6,"column":51}},{"start":{"line":6,"column":2},"end":{"line":6,"column":51}}],"line":6},"1":{"loc":{"start":{"line":6,"column":6},"end":{"line":6,"column":37}},"type":"binary-expr","locations":[{"start":{"line":6,"column":6},"end":{"line":6,"column":10}},{"start":{"line":6,"column":14},"end":{"line":6,"column":37}}],"line":6},"2":{"loc":{"start":{"line":9,"column":4},"end":{"line":22,"column":5}},"type":"switch","locations":[{"start":{"line":11,"column":4},"end":{"line":14,"column":12}},{"start":{"line":15,"column":4},"end":{"line":21,"column":7}}],"line":9},"3":{"loc":{"start":{"line":16,"column":6},"end":{"line":21,"column":7}},"type":"switch","locations":[{"start":{"line":17,"column":6},"end":{"line":18,"column":21}},{"start":{"line":19,"column":6},"end":{"line":20,"column":20}}],"line":16},"4":{"loc":{"start":{"line":24,"column":9},"end":{"line":24,"column":35}},"type":"cond-expr","locations":[{"start":{"line":24,"column":24},"end":{"line":24,"column":28}},{"start":{"line":24,"column":31},"end":{"line":24,"column":35}}],"line":24}},"s":{"0":1,"1":1,"2":5,"3":2,"4":3,"5":3,"6":3,"7":125,"8":28,"9":28,"10":28,"11":29,"12":1,"13":28,"14":2},"f":{"0":5},"b":{"0":[2,3],"1":[5,4],"2":[28,29],"3":[1,28],"4":[1,1]},"_coverageSchema":"332fd63041d2c1bcb487cc26dd0d5f7d97098a6c","hash":"c2012e1dbed48b795df18fdb11ed7677cf60990f"}
,"/Users/daniellogerstedt/CodeFellows/401/whiteboarding-challenges-401/10/stack-verification/lib/stack.js": {"path":"/Users/daniellogerstedt/CodeFellows/401/whiteboarding-challenges-401/10/stack-verification/lib/stack.js","statementMap":{"0":{"start":{"line":3,"column":9},"end":{"line":3,"column":24}},"1":{"start":{"line":5,"column":0},"end":{"line":32,"column":2}},"2":{"start":{"line":7,"column":4},"end":{"line":7,"column":20}},"3":{"start":{"line":8,"column":4},"end":{"line":8,"column":27}},"4":{"start":{"line":9,"column":4},"end":{"line":9,"column":18}},"5":{"start":{"line":13,"column":4},"end":{"line":13,"column":73}},"6":{"start":{"line":13,"column":35},"end":{"line":13,"column":73}},"7":{"start":{"line":14,"column":15},"end":{"line":14,"column":26}},"8":{"start":{"line":15,"column":4},"end":{"line":15,"column":25}},"9":{"start":{"line":16,"column":4},"end":{"line":16,"column":20}},"10":{"start":{"line":17,"column":4},"end":{"line":17,"column":16}},"11":{"start":{"line":18,"column":4},"end":{"line":18,"column":16}},"12":{"start":{"line":22,"column":15},"end":{"line":22,"column":23}},"13":{"start":{"line":23,"column":4},"end":{"line":23,"column":25}},"14":{"start":{"line":24,"column":4},"end":{"line":24,"column":21}},"15":{"start":{"line":25,"column":4},"end":{"line":25,"column":16}},"16":{"start":{"line":26,"column":4},"end":{"line":26,"column":16}},"17":{"start":{"line":30,"column":4},"end":{"line":30,"column":20}}},"fnMap":{"0":{"name":"(anonymous_0)","decl":{"start":{"line":6,"column":2},"end":{"line":6,"column":3}},"loc":{"start":{"line":6,"column":28},"end":{"line":10,"column":3}},"line":6},"1":{"name":"(anonymous_1)","decl":{"start":{"line":12,"column":2},"end":{"line":12,"column":3}},"loc":{"start":{"line":12,"column":12},"end":{"line":19,"column":3}},"line":12},"2":{"name":"(anonymous_2)","decl":{"start":{"line":21,"column":2},"end":{"line":21,"column":3}},"loc":{"start":{"line":21,"column":8},"end":{"line":27,"column":3}},"line":21},"3":{"name":"(anonymous_3)","decl":{"start":{"line":29,"column":2},"end":{"line":29,"column":3}},"loc":{"start":{"line":29,"column":9},"end":{"line":31,"column":3}},"line":29}},"branchMap":{"0":{"loc":{"start":{"line":6,"column":14},"end":{"line":6,"column":26}},"type":"default-arg","locations":[{"start":{"line":6,"column":22},"end":{"line":6,"column":26}}],"line":6},"1":{"loc":{"start":{"line":13,"column":4},"end":{"line":13,"column":73}},"type":"if","locations":[{"start":{"line":13,"column":4},"end":{"line":13,"column":73}},{"start":{"line":13,"column":4},"end":{"line":13,"column":73}}],"line":13}},"s":{"0":2,"1":2,"2":12,"3":12,"4":12,"5":1095,"6":1,"7":1094,"8":1094,"9":1094,"10":1094,"11":1094,"12":29,"13":29,"14":29,"15":29,"16":29,"17":1},"f":{"0":12,"1":1095,"2":29,"3":1},"b":{"0":[12],"1":[1,1094]},"_coverageSchema":"332fd63041d2c1bcb487cc26dd0d5f7d97098a6c","hash":"ce7e70499d703f536d043d25d575528287c8671e"}
,"/Users/daniellogerstedt/CodeFellows/401/whiteboarding-challenges-401/11/lib/solution.js": {"path":"/Users/daniellogerstedt/CodeFellows/401/whiteboarding-challenges-401/11/lib/solution.js","statementMap":{"0":{"start":{"line":3,"column":0},"end":{"line":9,"column":2}},"1":{"start":{"line":4,"column":2},"end":{"line":4,"column":24}},"2":{"start":{"line":4,"column":12},"end":{"line":4,"column":24}},"3":{"start":{"line":5,"column":2},"end":{"line":5,"column":39}},"4":{"start":{"line":5,"column":27},"end":{"line":5,"column":39}},"5":{"start":{"line":6,"column":15},"end":{"line":6,"column":17}},"6":{"start":{"line":7,"column":2},"end":{"line":7,"column":61}},"7":{"start":{"line":7,"column":39},"end":{"line":7,"column":61}},"8":{"start":{"line":8,"column":2},"end":{"line":8,"column":58}},"9":{"start":{"line":8,"column":33},"end":{"line":8,"column":58}},"10":{"start":{"line":8,"column":49},"end":{"line":8,"column":58}}},"fnMap":{"0":{"name":"(anonymous_0)","decl":{"start":{"line":3,"column":17},"end":{"line":3,"column":18}},"loc":{"start":{"line":3,"column":26},"end":{"line":9,"column":1}},"line":3}},"branchMap":{"0":{"loc":{"start":{"line":4,"column":2},"end":{"line":4,"column":24}},"type":"if","locations":[{"start":{"line":4,"column":2},"end":{"line":4,"column":24}},{"start":{"line":4,"column":2},"end":{"line":4,"column":24}}],"line":4},"1":{"loc":{"start":{"line":5,"column":2},"end":{"line":5,"column":39}},"type":"if","locations":[{"start":{"line":5,"column":2},"end":{"line":5,"column":39}},{"start":{"line":5,"column":2},"end":{"line":5,"column":39}}],"line":5},"2":{"loc":{"start":{"line":8,"column":33},"end":{"line":8,"column":58}},"type":"if","locations":[{"start":{"line":8,"column":33},"end":{"line":8,"column":58}},{"start":{"line":8,"column":33},"end":{"line":8,"column":58}}],"line":8}},"s":{"0":1,"1":3,"2":1,"3":2,"4":1,"5":1,"6":1,"7":98,"8":1,"9":45,"10":1},"f":{"0":3},"b":{"0":[1,2],"1":[1,1],"2":[1,44]},"_coverageSchema":"332fd63041d2c1bcb487cc26dd0d5f7d97098a6c","hash":"b6015c6acfc2a0a1e471ac00280c755d7cc251af"}
,"/Users/daniellogerstedt/CodeFellows/401/whiteboarding-challenges-401/12/lib/nd.js": {"path":"/Users/daniellogerstedt/CodeFellows/401/whiteboarding-challenges-401/12/lib/nd.js","statementMap":{"0":{"start":{"line":3,"column":0},"end":{"line":10,"column":2}},"1":{"start":{"line":5,"column":4},"end":{"line":5,"column":26}},"2":{"start":{"line":5,"column":14},"end":{"line":5,"column":26}},"3":{"start":{"line":6,"column":4},"end":{"line":6,"column":19}},"4":{"start":{"line":7,"column":4},"end":{"line":7,"column":21}},"5":{"start":{"line":8,"column":4},"end":{"line":8,"column":16}}},"fnMap":{"0":{"name":"(anonymous_0)","decl":{"start":{"line":4,"column":2},"end":{"line":4,"column":3}},"loc":{"start":{"line":4,"column":20},"end":{"line":9,"column":3}},"line":4}},"branchMap":{"0":{"loc":{"start":{"line":5,"column":4},"end":{"line":5,"column":26}},"type":"if","locations":[{"start":{"line":5,"column":4},"end":{"line":5,"column":26}},{"start":{"line":5,"column":4},"end":{"line":5,"column":26}}],"line":5}},"s":{"0":2,"1":1074,"2":0,"3":1074,"4":1074,"5":1074},"f":{"0":1074},"b":{"0":[0,1074]},"_coverageSchema":"332fd63041d2c1bcb487cc26dd0d5f7d97098a6c","hash":"1a76415b168661e63a9c29989289d626acc5b509"}
,"/Users/daniellogerstedt/CodeFellows/401/whiteboarding-challenges-401/12/lib/solution.js": {"path":"/Users/daniellogerstedt/CodeFellows/401/whiteboarding-challenges-401/12/lib/solution.js","statementMap":{"0":{"start":{"line":3,"column":14},"end":{"line":3,"column":32}},"1":{"start":{"line":5,"column":0},"end":{"line":32,"column":2}},"2":{"start":{"line":7,"column":4},"end":{"line":7,"column":29}},"3":{"start":{"line":8,"column":4},"end":{"line":8,"column":28}},"4":{"start":{"line":9,"column":4},"end":{"line":9,"column":18}},"5":{"start":{"line":10,"column":4},"end":{"line":10,"column":16}},"6":{"start":{"line":15,"column":4},"end":{"line":15,"column":25}},"7":{"start":{"line":16,"column":4},"end":{"line":16,"column":16}},"8":{"start":{"line":17,"column":4},"end":{"line":17,"column":16}},"9":{"start":{"line":22,"column":4},"end":{"line":22,"column":37}},"10":{"start":{"line":22,"column":25},"end":{"line":22,"column":37}},"11":{"start":{"line":23,"column":4},"end":{"line":26,"column":5}},"12":{"start":{"line":24,"column":18},"end":{"line":24,"column":33}},"13":{"start":{"line":25,"column":6},"end":{"line":25,"column":77}},"14":{"start":{"line":25,"column":40},"end":{"line":25,"column":77}},"15":{"start":{"line":27,"column":4},"end":{"line":27,"column":16}},"16":{"start":{"line":28,"column":4},"end":{"line":28,"column":27}}},"fnMap":{"0":{"name":"(anonymous_0)","decl":{"start":{"line":6,"column":2},"end":{"line":6,"column":3}},"loc":{"start":{"line":6,"column":17},"end":{"line":12,"column":3}},"line":6},"1":{"name":"(anonymous_1)","decl":{"start":{"line":14,"column":2},"end":{"line":14,"column":3}},"loc":{"start":{"line":14,"column":12},"end":{"line":19,"column":3}},"line":14},"2":{"name":"(anonymous_2)","decl":{"start":{"line":21,"column":2},"end":{"line":21,"column":3}},"loc":{"start":{"line":21,"column":9},"end":{"line":31,"column":3}},"line":21}},"branchMap":{"0":{"loc":{"start":{"line":22,"column":4},"end":{"line":22,"column":37}},"type":"if","locations":[{"start":{"line":22,"column":4},"end":{"line":22,"column":37}},{"start":{"line":22,"column":4},"end":{"line":22,"column":37}}],"line":22},"1":{"loc":{"start":{"line":23,"column":4},"end":{"line":26,"column":5}},"type":"if","locations":[{"start":{"line":23,"column":4},"end":{"line":26,"column":5}},{"start":{"line":23,"column":4},"end":{"line":26,"column":5}}],"line":23}},"s":{"0":1,"1":1,"2":1,"3":1,"4":1,"5":1,"6":4,"7":4,"8":4,"9":6,"10":2,"11":4,"12":2,"13":2,"14":4,"15":4,"16":4},"f":{"0":1,"1":4,"2":6},"b":{"0":[2,4],"1":[2,2]},"_coverageSchema":"332fd63041d2c1bcb487cc26dd0d5f7d97098a6c","hash":"91c2b044d63daccd9f16a47875f17412e7a9eb60"}
,"/Users/daniellogerstedt/CodeFellows/401/whiteboarding-challenges-401/12/lib/stack.js": {"path":"/Users/daniellogerstedt/CodeFellows/401/whiteboarding-challenges-401/12/lib/stack.js","statementMap":{"0":{"start":{"line":3,"column":9},"end":{"line":3,"column":24}},"1":{"start":{"line":5,"column":0},"end":{"line":34,"column":2}},"2":{"start":{"line":7,"column":4},"end":{"line":7,"column":20}},"3":{"start":{"line":8,"column":4},"end":{"line":8,"column":27}},"4":{"start":{"line":9,"column":4},"end":{"line":9,"column":18}},"5":{"start":{"line":10,"column":4},"end":{"line":10,"column":16}},"6":{"start":{"line":14,"column":4},"end":{"line":14,"column":83}},"7":{"start":{"line":14,"column":36},"end":{"line":14,"column":83}},"8":{"start":{"line":15,"column":15},"end":{"line":15,"column":26}},"9":{"start":{"line":17,"column":4},"end":{"line":17,"column":25}},"10":{"start":{"line":18,"column":4},"end":{"line":18,"column":20}},"11":{"start":{"line":19,"column":4},"end":{"line":19,"column":16}},"12":{"start":{"line":20,"column":4},"end":{"line":20,"column":16}},"13":{"start":{"line":24,"column":15},"end":{"line":24,"column":23}},"14":{"start":{"line":25,"column":4},"end":{"line":25,"column":25}},"15":{"start":{"line":26,"column":4},"end":{"line":26,"column":21}},"16":{"start":{"line":27,"column":4},"end":{"line":27,"column":16}},"17":{"start":{"line":28,"column":4},"end":{"line":28,"column":16}},"18":{"start":{"line":32,"column":4},"end":{"line":32,"column":20}}},"fnMap":{"0":{"name":"(anonymous_0)","decl":{"start":{"line":6,"column":2},"end":{"line":6,"column":3}},"loc":{"start":{"line":6,"column":28},"end":{"line":11,"column":3}},"line":6},"1":{"name":"(anonymous_1)","decl":{"start":{"line":13,"column":2},"end":{"line":13,"column":3}},"loc":{"start":{"line":13,"column":12},"end":{"line":21,"column":3}},"line":13},"2":{"name":"(anonymous_2)","decl":{"start":{"line":23,"column":2},"end":{"line":23,"column":3}},"loc":{"start":{"line":23,"column":8},"end":{"line":29,"column":3}},"line":23},"3":{"name":"(anonymous_3)","decl":{"start":{"line":31,"column":2},"end":{"line":31,"column":3}},"loc":{"start":{"line":31,"column":9},"end":{"line":33,"column":3}},"line":31}},"branchMap":{"0":{"loc":{"start":{"line":6,"column":14},"end":{"line":6,"column":26}},"type":"default-arg","locations":[{"start":{"line":6,"column":22},"end":{"line":6,"column":26}}],"line":6},"1":{"loc":{"start":{"line":14,"column":4},"end":{"line":14,"column":83}},"type":"if","locations":[{"start":{"line":14,"column":4},"end":{"line":14,"column":83}},{"start":{"line":14,"column":4},"end":{"line":14,"column":83}}],"line":14}},"s":{"0":2,"1":2,"2":11,"3":11,"4":11,"5":11,"6":1075,"7":1,"8":1074,"9":1074,"10":1074,"11":1074,"12":1074,"13":9,"14":9,"15":9,"16":9,"17":9,"18":1},"f":{"0":11,"1":1075,"2":9,"3":1},"b":{"0":[11],"1":[1,1074]},"_coverageSchema":"332fd63041d2c1bcb487cc26dd0d5f7d97098a6c","hash":"f1ac7dab30e8fd094dc2bf7ea7f5bb9978329db9"}
,"/Users/daniellogerstedt/CodeFellows/401/whiteboarding-challenges-401/14/lib/solution.js": {"path":"/Users/daniellogerstedt/CodeFellows/401/whiteboarding-challenges-401/14/lib/solution.js","statementMap":{"0":{"start":{"line":3,"column":10},"end":{"line":3,"column":34}},"1":{"start":{"line":3,"column":44},"end":{"line":3,"column":70}},"2":{"start":{"line":7,"column":0},"end":{"line":22,"column":2}},"3":{"start":{"line":8,"column":2},"end":{"line":8,"column":68}},"4":{"start":{"line":8,"column":12},"end":{"line":8,"column":68}},"5":{"start":{"line":9,"column":2},"end":{"line":9,"column":104}},"6":{"start":{"line":9,"column":29},"end":{"line":9,"column":104}},"7":{"start":{"line":10,"column":2},"end":{"line":10,"column":88}},"8":{"start":{"line":10,"column":17},"end":{"line":10,"column":88}},"9":{"start":{"line":11,"column":13},"end":{"line":11,"column":31}},"10":{"start":{"line":11,"column":41},"end":{"line":11,"column":52}},"11":{"start":{"line":12,"column":2},"end":{"line":12,"column":38}},"12":{"start":{"line":13,"column":2},"end":{"line":13,"column":17}},"13":{"start":{"line":14,"column":2},"end":{"line":17,"column":3}},"14":{"start":{"line":15,"column":4},"end":{"line":15,"column":89}},"15":{"start":{"line":16,"column":4},"end":{"line":16,"column":19}},"16":{"start":{"line":18,"column":2},"end":{"line":20,"column":3}},"17":{"start":{"line":19,"column":4},"end":{"line":19,"column":37}},"18":{"start":{"line":21,"column":2},"end":{"line":21,"column":14}}},"fnMap":{"0":{"name":"(anonymous_0)","decl":{"start":{"line":7,"column":17},"end":{"line":7,"column":18}},"loc":{"start":{"line":7,"column":26},"end":{"line":22,"column":1}},"line":7}},"branchMap":{"0":{"loc":{"start":{"line":8,"column":2},"end":{"line":8,"column":68}},"type":"if","locations":[{"start":{"line":8,"column":2},"end":{"line":8,"column":68}},{"start":{"line":8,"column":2},"end":{"line":8,"column":68}}],"line":8},"1":{"loc":{"start":{"line":9,"column":2},"end":{"line":9,"column":104}},"type":"if","locations":[{"start":{"line":9,"column":2},"end":{"line":9,"column":104}},{"start":{"line":9,"column":2},"end":{"line":9,"column":104}}],"line":9},"2":{"loc":{"start":{"line":10,"column":2},"end":{"line":10,"column":88}},"type":"if","locations":[{"start":{"line":10,"column":2},"end":{"line":10,"column":88}},{"start":{"line":10,"column":2},"end":{"line":10,"column":88}}],"line":10},"3":{"loc":{"start":{"line":15,"column":4},"end":{"line":15,"column":88}},"type":"cond-expr","locations":[{"start":{"line":15,"column":31},"end":{"line":15,"column":50}},{"start":{"line":15,"column":53},"end":{"line":15,"column":88}}],"line":15}},"s":{"0":1,"1":1,"2":1,"3":10,"4":2,"5":8,"6":2,"7":6,"8":2,"9":4,"10":4,"11":4,"12":4,"13":4,"14":11,"15":11,"16":4,"17":14,"18":4},"f":{"0":10},"b":{"0":[2,8],"1":[2,6],"2":[2,4],"3":[1,10]},"_coverageSchema":"332fd63041d2c1bcb487cc26dd0d5f7d97098a6c","hash":"42773995ed6c3125ce86e5d96cae881a0022893e"}
}
