TN:
SF:/Users/daniellogerstedt/CodeFellows/401/whiteboarding-challenges-401/02/solution.js
FN:3,(anonymous_0)
FNF:1
FNH:1
FNDA:10,(anonymous_0)
DA:3,1
DA:4,10
DA:5,13
DA:6,2
DA:7,2
DA:8,2
DA:9,2
DA:10,2
LF:8
LH:8
BRDA:4,0,0,7
BRDA:4,0,1,3
BRDA:4,1,0,10
BRDA:4,1,1,8
BRDA:4,1,2,5
BRDA:5,2,0,1
BRDA:5,2,1,12
BRF:7
BRH:7
end_of_record
TN:
SF:/Users/daniellogerstedt/CodeFellows/401/whiteboarding-challenges-401/03/solution.js
FN:3,reCars
FN:8,(anonymous_1)
FNF:2
FNH:2
FNDA:9,reCars
FNDA:6,(anonymous_1)
DA:3,1
DA:4,9
DA:5,5
DA:8,1
DA:9,6
DA:10,2
DA:11,2
DA:12,5
DA:13,5
DA:14,2
DA:16,2
LF:11
LH:11
BRDA:4,0,0,4
BRDA:4,0,1,5
BRDA:4,1,0,9
BRDA:4,1,1,8
BRDA:4,1,2,6
BRDA:5,2,0,3
BRDA:5,2,1,2
BRDA:9,3,0,4
BRDA:9,3,1,2
BRDA:9,4,0,6
BRDA:9,4,1,5
BRDA:9,4,2,3
BRDA:13,5,0,3
BRDA:13,5,1,2
BRDA:13,6,0,5
BRDA:13,6,1,3
BRF:16
BRH:16
end_of_record
TN:
SF:/Users/daniellogerstedt/CodeFellows/401/whiteboarding-challenges-401/04/solution.js
FN:3,(anonymous_0)
FN:7,(anonymous_1)
FNF:2
FNH:2
FNDA:8,(anonymous_0)
FNDA:16,(anonymous_1)
DA:3,1
DA:4,8
DA:5,6
DA:6,4
DA:7,4
DA:8,16
DA:10,4
LF:7
LH:7
BRDA:4,0,0,2
BRDA:4,0,1,6
BRDA:4,1,0,8
BRDA:4,1,1,7
BRDA:5,2,0,2
BRDA:5,2,1,4
BRDA:5,3,0,6
BRDA:5,3,1,5
BRDA:8,4,0,4
BRDA:8,4,1,12
BRDA:8,5,0,16
BRDA:8,5,1,4
BRDA:10,6,0,2
BRDA:10,6,1,2
BRF:14
BRH:14
end_of_record
TN:
SF:/Users/daniellogerstedt/CodeFellows/401/whiteboarding-challenges-401/05/solution.js
FN:3,(anonymous_0)
FNF:1
FNH:1
FNDA:6,(anonymous_0)
DA:3,1
DA:4,6
DA:5,2
DA:6,3
DA:7,2
DA:8,2
DA:9,2
DA:10,3
DA:11,3
DA:12,1
LF:10
LH:10
BRDA:4,0,0,4
BRDA:4,0,1,2
BRDA:4,1,0,6
BRDA:4,1,1,5
BRDA:11,2,0,2
BRDA:11,2,1,1
BRF:6
BRH:6
end_of_record
TN:
SF:/Users/daniellogerstedt/CodeFellows/401/whiteboarding-challenges-401/06/lib/solution.js
FN:5,(anonymous_0)
FNF:1
FNH:1
FNDA:5,(anonymous_0)
DA:3,1
DA:5,1
DA:6,5
DA:7,3
DA:8,5
LF:5
LH:5
BRDA:6,0,0,2
BRDA:6,0,1,3
BRDA:6,1,0,5
BRDA:6,1,1,2
BRDA:6,1,2,5
BRDA:7,2,0,2
BRDA:7,2,1,1
BRDA:7,3,0,3
BRDA:7,3,1,2
BRF:9
BRH:9
end_of_record
TN:
SF:/Users/daniellogerstedt/CodeFellows/401/whiteboarding-challenges-401/07/lib/solution.js
FN:3,(anonymous_0)
FNF:1
FNH:1
FNDA:5,(anonymous_0)
DA:3,1
DA:4,5
DA:5,3
DA:6,2
DA:7,2
DA:8,11
DA:9,10
DA:10,10
DA:12,1
LF:9
LH:9
BRDA:4,0,0,2
BRDA:4,0,1,3
BRDA:4,1,0,5
BRDA:4,1,1,4
BRDA:4,1,2,3
BRDA:5,2,0,1
BRDA:5,2,1,2
BRDA:5,3,0,3
BRDA:5,3,1,1
BRDA:8,4,0,1
BRDA:8,4,1,10
BRDA:10,5,0,10
BRDA:10,5,1,3
BRF:13
BRH:13
end_of_record
TN:
SF:/Users/daniellogerstedt/CodeFellows/401/whiteboarding-challenges-401/08/lib/nd.js
FN:4,(anonymous_0)
FNF:1
FNH:1
FNDA:19,(anonymous_0)
DA:5,19
DA:6,19
DA:7,19
DA:12,3
LF:4
LH:4
BRF:0
BRH:0
end_of_record
TN:
SF:/Users/daniellogerstedt/CodeFellows/401/whiteboarding-challenges-401/08/lib/sll.js
FN:6,(anonymous_0)
FN:12,(anonymous_1)
FN:21,(anonymous_2)
FN:37,(anonymous_3)
FN:58,(anonymous_4)
FN:71,(anonymous_5)
FN:82,(anonymous_6)
FNF:7
FNH:7
FNDA:7,(anonymous_0)
FNDA:11,(anonymous_1)
FNDA:6,(anonymous_2)
FNDA:6,(anonymous_3)
FNDA:2,(anonymous_4)
FNDA:6,(anonymous_5)
FNDA:6,(anonymous_6)
DA:3,2
DA:7,7
DA:8,7
DA:9,7
DA:13,11
DA:14,11
DA:15,11
DA:16,11
DA:17,11
DA:22,6
DA:24,6
DA:25,2
DA:26,2
DA:27,2
DA:31,4
DA:32,4
DA:33,4
DA:34,4
DA:38,6
DA:39,4
DA:40,2
DA:41,2
DA:42,2
DA:45,2
DA:46,2
DA:47,6
DA:48,2
DA:49,2
DA:50,2
DA:53,4
DA:54,4
DA:59,2
DA:60,2
DA:61,2
DA:62,6
DA:63,6
DA:64,6
DA:65,6
DA:67,2
DA:72,6
DA:73,3
DA:74,2
DA:75,2
DA:76,2
DA:78,2
DA:83,6
DA:84,4
DA:85,2
DA:86,2
DA:87,3
DA:89,2
DA:94,2
LF:52
LH:52
BRDA:24,0,0,2
BRDA:24,0,1,4
BRDA:38,1,0,2
BRDA:38,1,1,4
BRDA:39,2,0,2
BRDA:39,2,1,2
BRDA:47,3,0,2
BRDA:47,3,1,4
BRDA:62,4,0,4
BRDA:62,4,1,2
BRDA:63,5,0,4
BRDA:63,5,1,2
BRDA:65,6,0,4
BRDA:65,6,1,2
BRDA:72,7,0,3
BRDA:72,7,1,3
BRDA:72,8,0,6
BRDA:72,8,1,3
BRDA:73,9,0,1
BRDA:73,9,1,2
BRDA:73,10,0,3
BRDA:73,10,1,2
BRDA:83,11,0,2
BRDA:83,11,1,4
BRDA:83,12,0,6
BRDA:83,12,1,5
BRDA:83,12,2,4
BRDA:84,13,0,2
BRDA:84,13,1,2
BRDA:84,14,0,4
BRDA:84,14,1,3
BRF:31
BRH:31
end_of_record
TN:
SF:/Users/daniellogerstedt/CodeFellows/401/whiteboarding-challenges-401/08/lib/solution.js
FN:5,(anonymous_0)
FNF:1
FNH:1
FNDA:4,(anonymous_0)
DA:3,1
DA:5,1
DA:6,4
DA:7,3
DA:8,2
DA:9,6
DA:10,3
DA:11,2
LF:8
LH:8
BRDA:6,0,0,1
BRDA:6,0,1,3
BRDA:6,1,0,4
BRDA:6,1,1,3
BRDA:7,2,0,1
BRDA:7,2,1,2
BRDA:7,3,0,3
BRDA:7,3,1,2
BRDA:9,4,0,0
BRDA:9,4,1,6
BRDA:10,5,0,1
BRDA:10,5,1,2
BRF:12
BRH:11
end_of_record
TN:
SF:/Users/daniellogerstedt/CodeFellows/401/whiteboarding-challenges-401/09/lib/nd.js
FN:4,(anonymous_0)
FNF:1
FNH:1
FNDA:18,(anonymous_0)
DA:5,18
DA:6,18
DA:7,18
DA:12,3
LF:4
LH:4
BRF:0
BRH:0
end_of_record
TN:
SF:/Users/daniellogerstedt/CodeFellows/401/whiteboarding-challenges-401/09/lib/sll.js
FN:6,(anonymous_0)
FN:12,(anonymous_1)
FN:21,(anonymous_2)
FN:37,(anonymous_3)
FN:58,(anonymous_4)
FN:71,(anonymous_5)
FN:82,(anonymous_6)
FNF:7
FNH:7
FNDA:4,(anonymous_0)
FNDA:10,(anonymous_1)
FNDA:6,(anonymous_2)
FNDA:6,(anonymous_3)
FNDA:2,(anonymous_4)
FNDA:6,(anonymous_5)
FNDA:6,(anonymous_6)
DA:3,2
DA:7,4
DA:8,4
DA:9,4
DA:13,10
DA:14,10
DA:15,10
DA:16,10
DA:17,10
DA:22,6
DA:24,6
DA:25,2
DA:26,2
DA:27,2
DA:31,4
DA:32,4
DA:33,4
DA:34,4
DA:38,6
DA:39,4
DA:40,2
DA:41,2
DA:42,2
DA:45,2
DA:46,2
DA:47,6
DA:48,2
DA:49,2
DA:50,2
DA:53,4
DA:54,4
DA:59,2
DA:60,2
DA:61,2
DA:62,6
DA:63,6
DA:64,6
DA:65,6
DA:67,2
DA:72,6
DA:73,3
DA:74,2
DA:75,2
DA:76,2
DA:78,2
DA:83,6
DA:84,4
DA:85,2
DA:86,2
DA:87,3
DA:89,2
DA:94,2
LF:52
LH:52
BRDA:24,0,0,2
BRDA:24,0,1,4
BRDA:38,1,0,2
BRDA:38,1,1,4
BRDA:39,2,0,2
BRDA:39,2,1,2
BRDA:47,3,0,2
BRDA:47,3,1,4
BRDA:62,4,0,4
BRDA:62,4,1,2
BRDA:63,5,0,4
BRDA:63,5,1,2
BRDA:65,6,0,4
BRDA:65,6,1,2
BRDA:72,7,0,3
BRDA:72,7,1,3
BRDA:72,8,0,6
BRDA:72,8,1,3
BRDA:73,9,0,1
BRDA:73,9,1,2
BRDA:73,10,0,3
BRDA:73,10,1,2
BRDA:83,11,0,2
BRDA:83,11,1,4
BRDA:83,12,0,6
BRDA:83,12,1,5
BRDA:83,12,2,4
BRDA:84,13,0,2
BRDA:84,13,1,2
BRDA:84,14,0,4
BRDA:84,14,1,3
BRF:31
BRH:31
end_of_record
TN:
SF:/Users/daniellogerstedt/CodeFellows/401/whiteboarding-challenges-401/09/lib/solution.js
FN:3,(anonymous_0)
FNF:1
FNH:1
FNDA:6,(anonymous_0)
DA:3,1
DA:4,6
DA:5,5
DA:6,4
DA:7,8
DA:8,4
DA:9,3
DA:10,2
LF:8
LH:8
BRDA:4,0,0,1
BRDA:4,0,1,5
BRDA:4,1,0,6
BRDA:4,1,1,5
BRDA:4,1,2,6
BRDA:5,2,0,1
BRDA:5,2,1,4
BRDA:5,3,0,5
BRDA:5,3,1,4
BRDA:8,4,0,2
BRDA:8,4,1,2
BRDA:8,5,0,4
BRDA:8,5,1,3
BRF:13
BRH:13
end_of_record
TN:
SF:/Users/daniellogerstedt/CodeFellows/401/whiteboarding-challenges-401/10/binary-search/lib/solution.js
FN:4,(anonymous_0)
FNF:1
FNH:1
FNDA:5,(anonymous_0)
DA:4,1
DA:5,5
DA:6,4
DA:7,3
DA:10,2
DA:12,2
DA:13,4
DA:14,4
DA:15,4
DA:16,2
DA:18,0
LF:11
LH:10
BRDA:5,0,0,1
BRDA:5,0,1,4
BRDA:5,1,0,5
BRDA:5,1,1,4
BRDA:6,2,0,1
BRDA:6,2,1,3
BRDA:6,3,0,4
BRDA:6,3,1,3
BRDA:7,4,0,1
BRDA:7,4,1,2
BRDA:7,5,0,3
BRDA:7,5,1,3
BRDA:13,6,0,2
BRDA:13,6,1,2
BRDA:14,7,0,2
BRDA:14,7,1,2
BRDA:15,8,0,2
BRDA:15,8,1,2
BRF:18
BRH:18
end_of_record
TN:
SF:/Users/daniellogerstedt/CodeFellows/401/whiteboarding-challenges-401/10/stack-verification/lib/nd.js
FN:4,(anonymous_0)
FNF:1
FNH:1
FNDA:1094,(anonymous_0)
DA:3,2
DA:5,1094
DA:6,1094
DA:7,1094
LF:4
LH:4
BRDA:5,0,0,0
BRDA:5,0,1,1094
BRF:2
BRH:1
end_of_record
TN:
SF:/Users/daniellogerstedt/CodeFellows/401/whiteboarding-challenges-401/10/stack-verification/lib/solution.js
FN:5,(anonymous_0)
FNF:1
FNH:1
FNDA:5,(anonymous_0)
DA:3,1
DA:5,1
DA:6,5
DA:7,3
DA:8,3
DA:9,125
DA:12,28
DA:13,28
DA:14,28
DA:16,29
DA:18,1
DA:20,28
DA:24,2
LF:13
LH:13
BRDA:6,0,0,2
BRDA:6,0,1,3
BRDA:6,1,0,5
BRDA:6,1,1,4
BRDA:9,2,0,28
BRDA:9,2,1,29
BRDA:16,3,0,1
BRDA:16,3,1,28
BRDA:24,4,0,1
BRDA:24,4,1,1
BRF:10
BRH:10
end_of_record
TN:
SF:/Users/daniellogerstedt/CodeFellows/401/whiteboarding-challenges-401/10/stack-verification/lib/stack.js
FN:6,(anonymous_0)
FN:12,(anonymous_1)
FN:21,(anonymous_2)
FN:29,(anonymous_3)
FNF:4
FNH:4
FNDA:12,(anonymous_0)
FNDA:1095,(anonymous_1)
FNDA:29,(anonymous_2)
FNDA:1,(anonymous_3)
DA:3,2
DA:5,2
DA:7,12
DA:8,12
DA:9,12
DA:13,1095
DA:14,1094
DA:15,1094
DA:16,1094
DA:17,1094
DA:18,1094
DA:22,29
DA:23,29
DA:24,29
DA:25,29
DA:26,29
DA:30,1
LF:17
LH:17
BRDA:6,0,0,12
BRDA:13,1,0,1
BRDA:13,1,1,1094
BRF:3
BRH:3
end_of_record
TN:
SF:/Users/daniellogerstedt/CodeFellows/401/whiteboarding-challenges-401/11/lib/solution.js
FN:3,(anonymous_0)
FNF:1
FNH:1
FNDA:3,(anonymous_0)
DA:3,1
DA:4,3
DA:5,2
DA:6,1
DA:7,98
DA:8,45
LF:6
LH:6
BRDA:4,0,0,1
BRDA:4,0,1,2
BRDA:5,1,0,1
BRDA:5,1,1,1
BRDA:8,2,0,1
BRDA:8,2,1,44
BRF:6
BRH:6
end_of_record
TN:
SF:/Users/daniellogerstedt/CodeFellows/401/whiteboarding-challenges-401/12/lib/nd.js
FN:4,(anonymous_0)
FNF:1
FNH:1
FNDA:1074,(anonymous_0)
DA:3,2
DA:5,1074
DA:6,1074
DA:7,1074
DA:8,1074
LF:5
LH:5
BRDA:5,0,0,0
BRDA:5,0,1,1074
BRF:2
BRH:1
end_of_record
TN:
SF:/Users/daniellogerstedt/CodeFellows/401/whiteboarding-challenges-401/12/lib/solution.js
FN:6,(anonymous_0)
FN:14,(anonymous_1)
FN:21,(anonymous_2)
FNF:3
FNH:3
FNDA:1,(anonymous_0)
FNDA:4,(anonymous_1)
FNDA:6,(anonymous_2)
DA:3,1
DA:5,1
DA:7,1
DA:8,1
DA:9,1
DA:10,1
DA:15,4
DA:16,4
DA:17,4
DA:22,6
DA:23,4
DA:24,2
DA:25,4
DA:27,4
DA:28,4
LF:15
LH:15
BRDA:22,0,0,2
BRDA:22,0,1,4
BRDA:23,1,0,2
BRDA:23,1,1,2
BRF:4
BRH:4
end_of_record
TN:
SF:/Users/daniellogerstedt/CodeFellows/401/whiteboarding-challenges-401/12/lib/stack.js
FN:6,(anonymous_0)
FN:13,(anonymous_1)
FN:23,(anonymous_2)
FN:31,(anonymous_3)
FNF:4
FNH:4
FNDA:11,(anonymous_0)
FNDA:1075,(anonymous_1)
FNDA:9,(anonymous_2)
FNDA:1,(anonymous_3)
DA:3,2
DA:5,2
DA:7,11
DA:8,11
DA:9,11
DA:10,11
DA:14,1075
DA:15,1074
DA:17,1074
DA:18,1074
DA:19,1074
DA:20,1074
DA:24,9
DA:25,9
DA:26,9
DA:27,9
DA:28,9
DA:32,1
LF:18
LH:18
BRDA:6,0,0,11
BRDA:14,1,0,1
BRDA:14,1,1,1074
BRF:3
BRH:3
end_of_record
TN:
SF:/Users/daniellogerstedt/CodeFellows/401/whiteboarding-challenges-401/14/lib/solution.js
FN:7,(anonymous_0)
FNF:1
FNH:1
FNDA:10,(anonymous_0)
DA:3,1
DA:7,1
DA:8,10
DA:9,8
DA:10,6
DA:11,4
DA:12,4
DA:13,4
DA:14,4
DA:15,11
DA:16,11
DA:18,4
DA:19,14
DA:21,4
LF:14
LH:14
BRDA:8,0,0,2
BRDA:8,0,1,8
BRDA:9,1,0,2
BRDA:9,1,1,6
BRDA:10,2,0,2
BRDA:10,2,1,4
BRDA:15,3,0,1
BRDA:15,3,1,10
BRF:8
BRH:8
end_of_record
